Determining if the pthread_create exist failed with the following output:
Change Dir: /home/daryl/ttb_ws/build/ipa_building_navigation/CMakeFiles/CMakeTmp

Run Build Command:"/usr/bin/make" "cmTC_4465c/fast"
/usr/bin/make -f CMakeFiles/cmTC_4465c.dir/build.make CMakeFiles/cmTC_4465c.dir/build
make[1]: Entering directory '/home/daryl/ttb_ws/build/ipa_building_navigation/CMakeFiles/CMakeTmp'
Building C object CMakeFiles/cmTC_4465c.dir/CheckSymbolExists.c.o
/usr/bin/cc    -o CMakeFiles/cmTC_4465c.dir/CheckSymbolExists.c.o   -c /home/daryl/ttb_ws/build/ipa_building_navigation/CMakeFiles/CMakeTmp/CheckSymbolExists.c
Linking C executable cmTC_4465c
/usr/bin/cmake -E cmake_link_script CMakeFiles/cmTC_4465c.dir/link.txt --verbose=1
/usr/bin/cc      -rdynamic CMakeFiles/cmTC_4465c.dir/CheckSymbolExists.c.o  -o cmTC_4465c 
CMakeFiles/cmTC_4465c.dir/CheckSymbolExists.c.o: In function `main':
CheckSymbolExists.c:(.text+0x1b): undefined reference to `pthread_create'
collect2: error: ld returned 1 exit status
CMakeFiles/cmTC_4465c.dir/build.make:97: recipe for target 'cmTC_4465c' failed
make[1]: *** [cmTC_4465c] Error 1
make[1]: Leaving directory '/home/daryl/ttb_ws/build/ipa_building_navigation/CMakeFiles/CMakeTmp'
Makefile:126: recipe for target 'cmTC_4465c/fast' failed
make: *** [cmTC_4465c/fast] Error 2

File /home/daryl/ttb_ws/build/ipa_building_navigation/CMakeFiles/CMakeTmp/CheckSymbolExists.c:
/* */
#include <pthread.h>

int main(int argc, char** argv)
{
  (void)argv;
#ifndef pthread_create
  return ((int*)(&pthread_create))[argc];
#else
  (void)argc;
  return 0;
#endif
}

Determining if the function pthread_create exists in the pthreads failed with the following output:
Change Dir: /home/daryl/ttb_ws/build/ipa_building_navigation/CMakeFiles/CMakeTmp

Run Build Command:"/usr/bin/make" "cmTC_69185/fast"
/usr/bin/make -f CMakeFiles/cmTC_69185.dir/build.make CMakeFiles/cmTC_69185.dir/build
make[1]: Entering directory '/home/daryl/ttb_ws/build/ipa_building_navigation/CMakeFiles/CMakeTmp'
Building C object CMakeFiles/cmTC_69185.dir/CheckFunctionExists.c.o
/usr/bin/cc   -DCHECK_FUNCTION_EXISTS=pthread_create   -o CMakeFiles/cmTC_69185.dir/CheckFunctionExists.c.o   -c /usr/share/cmake-3.10/Modules/CheckFunctionExists.c
Linking C executable cmTC_69185
/usr/bin/cmake -E cmake_link_script CMakeFiles/cmTC_69185.dir/link.txt --verbose=1
/usr/bin/cc  -DCHECK_FUNCTION_EXISTS=pthread_create    -rdynamic CMakeFiles/cmTC_69185.dir/CheckFunctionExists.c.o  -o cmTC_69185 -lpthreads 
/usr/bin/ld: cannot find -lpthreads
collect2: error: ld returned 1 exit status
CMakeFiles/cmTC_69185.dir/build.make:97: recipe for target 'cmTC_69185' failed
make[1]: *** [cmTC_69185] Error 1
make[1]: Leaving directory '/home/daryl/ttb_ws/build/ipa_building_navigation/CMakeFiles/CMakeTmp'
Makefile:126: recipe for target 'cmTC_69185/fast' failed
make: *** [cmTC_69185/fast] Error 2


