Determining if the pthread_create exist failed with the following output:
Change Dir: /home/daryl/ttb_ws/build/amcl/CMakeFiles/CMakeTmp

Run Build Command:"/usr/bin/make" "cmTC_7e42d/fast"
/usr/bin/make -f CMakeFiles/cmTC_7e42d.dir/build.make CMakeFiles/cmTC_7e42d.dir/build
make[1]: Entering directory '/home/daryl/ttb_ws/build/amcl/CMakeFiles/CMakeTmp'
Building C object CMakeFiles/cmTC_7e42d.dir/CheckSymbolExists.c.o
/usr/bin/cc    -o CMakeFiles/cmTC_7e42d.dir/CheckSymbolExists.c.o   -c /home/daryl/ttb_ws/build/amcl/CMakeFiles/CMakeTmp/CheckSymbolExists.c
Linking C executable cmTC_7e42d
/usr/bin/cmake -E cmake_link_script CMakeFiles/cmTC_7e42d.dir/link.txt --verbose=1
/usr/bin/cc      -rdynamic CMakeFiles/cmTC_7e42d.dir/CheckSymbolExists.c.o  -o cmTC_7e42d 
CMakeFiles/cmTC_7e42d.dir/CheckSymbolExists.c.o: In function `main':
CheckSymbolExists.c:(.text+0x1b): undefined reference to `pthread_create'
collect2: error: ld returned 1 exit status
CMakeFiles/cmTC_7e42d.dir/build.make:97: recipe for target 'cmTC_7e42d' failed
make[1]: *** [cmTC_7e42d] Error 1
make[1]: Leaving directory '/home/daryl/ttb_ws/build/amcl/CMakeFiles/CMakeTmp'
Makefile:126: recipe for target 'cmTC_7e42d/fast' failed
make: *** [cmTC_7e42d/fast] Error 2

File /home/daryl/ttb_ws/build/amcl/CMakeFiles/CMakeTmp/CheckSymbolExists.c:
/* */
#include <pthread.h>

int main(int argc, char** argv)
{
  (void)argv;
#ifndef pthread_create
  return ((int*)(&pthread_create))[argc];
#else
  (void)argc;
  return 0;
#endif
}

Determining if the function pthread_create exists in the pthreads failed with the following output:
Change Dir: /home/daryl/ttb_ws/build/amcl/CMakeFiles/CMakeTmp

Run Build Command:"/usr/bin/make" "cmTC_afa0a/fast"
/usr/bin/make -f CMakeFiles/cmTC_afa0a.dir/build.make CMakeFiles/cmTC_afa0a.dir/build
make[1]: Entering directory '/home/daryl/ttb_ws/build/amcl/CMakeFiles/CMakeTmp'
Building C object CMakeFiles/cmTC_afa0a.dir/CheckFunctionExists.c.o
/usr/bin/cc   -DCHECK_FUNCTION_EXISTS=pthread_create   -o CMakeFiles/cmTC_afa0a.dir/CheckFunctionExists.c.o   -c /usr/share/cmake-3.10/Modules/CheckFunctionExists.c
Linking C executable cmTC_afa0a
/usr/bin/cmake -E cmake_link_script CMakeFiles/cmTC_afa0a.dir/link.txt --verbose=1
/usr/bin/cc  -DCHECK_FUNCTION_EXISTS=pthread_create    -rdynamic CMakeFiles/cmTC_afa0a.dir/CheckFunctionExists.c.o  -o cmTC_afa0a -lpthreads 
/usr/bin/ld: cannot find -lpthreads
collect2: error: ld returned 1 exit status
CMakeFiles/cmTC_afa0a.dir/build.make:97: recipe for target 'cmTC_afa0a' failed
make[1]: *** [cmTC_afa0a] Error 1
make[1]: Leaving directory '/home/daryl/ttb_ws/build/amcl/CMakeFiles/CMakeTmp'
Makefile:126: recipe for target 'cmTC_afa0a/fast' failed
make: *** [cmTC_afa0a/fast] Error 2


