[  0%] Built target dynamic_reconfigure_gencfg
[  0%] Built target sensor_msgs_generate_messages_lisp
[  0%] Built target dynamic_reconfigure_generate_messages_lisp
[  5%] Built target ipa_building_navigation_gencfg
[  5%] Built target dynamic_reconfigure_generate_messages_eus
[  5%] Built target visualization_msgs_generate_messages_eus
[  5%] Built target dynamic_reconfigure_generate_messages_nodejs
[  5%] Built target visualization_msgs_generate_messages_cpp
[  5%] Built target visualization_msgs_generate_messages_py
[  5%] Built target ipa_building_msgs_generate_messages_py
[  5%] Built target EP_libconcorde_tsp_solver
[  5%] Built target ipa_building_msgs_generate_messages_eus
[  5%] Built target ipa_building_msgs_generate_messages_nodejs
[  5%] Built target dynamic_reconfigure_generate_messages_py
[  5%] Built target geometry_msgs_generate_messages_py
[  5%] Built target geometry_msgs_generate_messages_cpp
[  5%] Built target actionlib_msgs_generate_messages_py
[  5%] Built target geometry_msgs_generate_messages_lisp
[  5%] Built target actionlib_msgs_generate_messages_lisp
[  5%] Built target ipa_building_msgs_generate_messages_lisp
[  5%] Built target actionlib_msgs_generate_messages_eus
[  5%] Built target rosgraph_msgs_generate_messages_eus
[  5%] Built target actionlib_msgs_generate_messages_cpp
[  5%] Built target actionlib_generate_messages_py
[  5%] Built target actionlib_generate_messages_nodejs
[  5%] Built target std_msgs_generate_messages_eus
[  5%] Built target rosgraph_msgs_generate_messages_nodejs
[  5%] Built target actionlib_generate_messages_lisp
[  5%] Built target rosgraph_msgs_generate_messages_py
[  5%] Built target actionlib_generate_messages_eus
[  5%] Built target actionlib_msgs_generate_messages_nodejs
[  5%] Built target visualization_msgs_generate_messages_nodejs
[  5%] Built target std_msgs_generate_messages_cpp
[  5%] Built target visualization_msgs_generate_messages_lisp
[  5%] Built target geometry_msgs_generate_messages_nodejs
[  5%] Built target sensor_msgs_generate_messages_nodejs
[  5%] Built target roscpp_generate_messages_cpp
[  5%] Built target sensor_msgs_generate_messages_py
[  5%] Built target actionlib_generate_messages_cpp
[  5%] Built target std_msgs_generate_messages_lisp
[  5%] Built target rosgraph_msgs_generate_messages_lisp
[  5%] Built target sensor_msgs_generate_messages_cpp
[  5%] Built target std_msgs_generate_messages_nodejs
[  5%] Built target std_msgs_generate_messages_py
[  5%] Built target sensor_msgs_generate_messages_eus
[  5%] Built target _catkin_empty_exported_target
[  5%] Built target dynamic_reconfigure_generate_messages_cpp
[  5%] Built target roscpp_generate_messages_nodejs
[  5%] Built target rosgraph_msgs_generate_messages_cpp
[  5%] Built target geometry_msgs_generate_messages_eus
[  5%] Built target roscpp_generate_messages_eus
[  5%] Built target ipa_building_msgs_generate_messages_cpp
[  5%] Built target roscpp_generate_messages_lisp
[  5%] Built target roscpp_generate_messages_py
[ 30%] Built target room_sequence_planning_client
[ 35%] Built target room_sequence_planning_evaluation
[ 65%] Built target tsp_solvers
[ 75%] Built target TSP_evaluation
[100%] Built target room_sequence_planning_server
