Determining if the pthread_create exist failed with the following output:
Change Dir: /home/daryl/ttb_ws/build/grid_map_ros/CMakeFiles/CMakeTmp

Run Build Command:"/usr/bin/make" "cmTC_5239c/fast"
/usr/bin/make -f CMakeFiles/cmTC_5239c.dir/build.make CMakeFiles/cmTC_5239c.dir/build
make[1]: Entering directory '/home/daryl/ttb_ws/build/grid_map_ros/CMakeFiles/CMakeTmp'
Building C object CMakeFiles/cmTC_5239c.dir/CheckSymbolExists.c.o
/usr/bin/cc    -o CMakeFiles/cmTC_5239c.dir/CheckSymbolExists.c.o   -c /home/daryl/ttb_ws/build/grid_map_ros/CMakeFiles/CMakeTmp/CheckSymbolExists.c
Linking C executable cmTC_5239c
/usr/bin/cmake -E cmake_link_script CMakeFiles/cmTC_5239c.dir/link.txt --verbose=1
/usr/bin/cc      -rdynamic CMakeFiles/cmTC_5239c.dir/CheckSymbolExists.c.o  -o cmTC_5239c 
CMakeFiles/cmTC_5239c.dir/CheckSymbolExists.c.o: In function `main':
CheckSymbolExists.c:(.text+0x1b): undefined reference to `pthread_create'
collect2: error: ld returned 1 exit status
CMakeFiles/cmTC_5239c.dir/build.make:97: recipe for target 'cmTC_5239c' failed
make[1]: *** [cmTC_5239c] Error 1
make[1]: Leaving directory '/home/daryl/ttb_ws/build/grid_map_ros/CMakeFiles/CMakeTmp'
Makefile:126: recipe for target 'cmTC_5239c/fast' failed
make: *** [cmTC_5239c/fast] Error 2

File /home/daryl/ttb_ws/build/grid_map_ros/CMakeFiles/CMakeTmp/CheckSymbolExists.c:
/* */
#include <pthread.h>

int main(int argc, char** argv)
{
  (void)argv;
#ifndef pthread_create
  return ((int*)(&pthread_create))[argc];
#else
  (void)argc;
  return 0;
#endif
}

Determining if the function pthread_create exists in the pthreads failed with the following output:
Change Dir: /home/daryl/ttb_ws/build/grid_map_ros/CMakeFiles/CMakeTmp

Run Build Command:"/usr/bin/make" "cmTC_c358b/fast"
/usr/bin/make -f CMakeFiles/cmTC_c358b.dir/build.make CMakeFiles/cmTC_c358b.dir/build
make[1]: Entering directory '/home/daryl/ttb_ws/build/grid_map_ros/CMakeFiles/CMakeTmp'
Building C object CMakeFiles/cmTC_c358b.dir/CheckFunctionExists.c.o
/usr/bin/cc   -DCHECK_FUNCTION_EXISTS=pthread_create   -o CMakeFiles/cmTC_c358b.dir/CheckFunctionExists.c.o   -c /usr/share/cmake-3.10/Modules/CheckFunctionExists.c
Linking C executable cmTC_c358b
/usr/bin/cmake -E cmake_link_script CMakeFiles/cmTC_c358b.dir/link.txt --verbose=1
/usr/bin/cc  -DCHECK_FUNCTION_EXISTS=pthread_create    -rdynamic CMakeFiles/cmTC_c358b.dir/CheckFunctionExists.c.o  -o cmTC_c358b -lpthreads 
/usr/bin/ld: cannot find -lpthreads
collect2: error: ld returned 1 exit status
CMakeFiles/cmTC_c358b.dir/build.make:97: recipe for target 'cmTC_c358b' failed
make[1]: *** [cmTC_c358b] Error 1
make[1]: Leaving directory '/home/daryl/ttb_ws/build/grid_map_ros/CMakeFiles/CMakeTmp'
Makefile:126: recipe for target 'cmTC_c358b/fast' failed
make: *** [cmTC_c358b/fast] Error 2


