Determining if the pthread_create exist failed with the following output:
Change Dir: /home/daryl/ttb_ws/build/turtlebot3_bringup/CMakeFiles/CMakeTmp

Run Build Command:"/usr/bin/make" "cmTC_df017/fast"
/usr/bin/make -f CMakeFiles/cmTC_df017.dir/build.make CMakeFiles/cmTC_df017.dir/build
make[1]: Entering directory '/home/daryl/ttb_ws/build/turtlebot3_bringup/CMakeFiles/CMakeTmp'
Building C object CMakeFiles/cmTC_df017.dir/CheckSymbolExists.c.o
/usr/bin/cc    -o CMakeFiles/cmTC_df017.dir/CheckSymbolExists.c.o   -c /home/daryl/ttb_ws/build/turtlebot3_bringup/CMakeFiles/CMakeTmp/CheckSymbolExists.c
Linking C executable cmTC_df017
/usr/bin/cmake -E cmake_link_script CMakeFiles/cmTC_df017.dir/link.txt --verbose=1
/usr/bin/cc      -rdynamic CMakeFiles/cmTC_df017.dir/CheckSymbolExists.c.o  -o cmTC_df017 
CMakeFiles/cmTC_df017.dir/CheckSymbolExists.c.o: In function `main':
CheckSymbolExists.c:(.text+0x1b): undefined reference to `pthread_create'
collect2: error: ld returned 1 exit status
CMakeFiles/cmTC_df017.dir/build.make:97: recipe for target 'cmTC_df017' failed
make[1]: *** [cmTC_df017] Error 1
make[1]: Leaving directory '/home/daryl/ttb_ws/build/turtlebot3_bringup/CMakeFiles/CMakeTmp'
Makefile:126: recipe for target 'cmTC_df017/fast' failed
make: *** [cmTC_df017/fast] Error 2

File /home/daryl/ttb_ws/build/turtlebot3_bringup/CMakeFiles/CMakeTmp/CheckSymbolExists.c:
/* */
#include <pthread.h>

int main(int argc, char** argv)
{
  (void)argv;
#ifndef pthread_create
  return ((int*)(&pthread_create))[argc];
#else
  (void)argc;
  return 0;
#endif
}

Determining if the function pthread_create exists in the pthreads failed with the following output:
Change Dir: /home/daryl/ttb_ws/build/turtlebot3_bringup/CMakeFiles/CMakeTmp

Run Build Command:"/usr/bin/make" "cmTC_90bca/fast"
/usr/bin/make -f CMakeFiles/cmTC_90bca.dir/build.make CMakeFiles/cmTC_90bca.dir/build
make[1]: Entering directory '/home/daryl/ttb_ws/build/turtlebot3_bringup/CMakeFiles/CMakeTmp'
Building C object CMakeFiles/cmTC_90bca.dir/CheckFunctionExists.c.o
/usr/bin/cc   -DCHECK_FUNCTION_EXISTS=pthread_create   -o CMakeFiles/cmTC_90bca.dir/CheckFunctionExists.c.o   -c /usr/share/cmake-3.10/Modules/CheckFunctionExists.c
Linking C executable cmTC_90bca
/usr/bin/cmake -E cmake_link_script CMakeFiles/cmTC_90bca.dir/link.txt --verbose=1
/usr/bin/cc  -DCHECK_FUNCTION_EXISTS=pthread_create    -rdynamic CMakeFiles/cmTC_90bca.dir/CheckFunctionExists.c.o  -o cmTC_90bca -lpthreads 
/usr/bin/ld: cannot find -lpthreads
collect2: error: ld returned 1 exit status
CMakeFiles/cmTC_90bca.dir/build.make:97: recipe for target 'cmTC_90bca' failed
make[1]: *** [cmTC_90bca] Error 1
make[1]: Leaving directory '/home/daryl/ttb_ws/build/turtlebot3_bringup/CMakeFiles/CMakeTmp'
Makefile:126: recipe for target 'cmTC_90bca/fast' failed
make: *** [cmTC_90bca/fast] Error 2


