Determining if the pthread_create exist failed with the following output:
Change Dir: /home/daryl/ttb_ws/build/voxel_grid/CMakeFiles/CMakeTmp

Run Build Command:"/usr/bin/make" "cmTC_18feb/fast"
/usr/bin/make -f CMakeFiles/cmTC_18feb.dir/build.make CMakeFiles/cmTC_18feb.dir/build
make[1]: Entering directory '/home/daryl/ttb_ws/build/voxel_grid/CMakeFiles/CMakeTmp'
Building C object CMakeFiles/cmTC_18feb.dir/CheckSymbolExists.c.o
/usr/bin/cc    -o CMakeFiles/cmTC_18feb.dir/CheckSymbolExists.c.o   -c /home/daryl/ttb_ws/build/voxel_grid/CMakeFiles/CMakeTmp/CheckSymbolExists.c
Linking C executable cmTC_18feb
/usr/bin/cmake -E cmake_link_script CMakeFiles/cmTC_18feb.dir/link.txt --verbose=1
/usr/bin/cc      -rdynamic CMakeFiles/cmTC_18feb.dir/CheckSymbolExists.c.o  -o cmTC_18feb 
CMakeFiles/cmTC_18feb.dir/CheckSymbolExists.c.o: In function `main':
CheckSymbolExists.c:(.text+0x1b): undefined reference to `pthread_create'
collect2: error: ld returned 1 exit status
CMakeFiles/cmTC_18feb.dir/build.make:97: recipe for target 'cmTC_18feb' failed
make[1]: *** [cmTC_18feb] Error 1
make[1]: Leaving directory '/home/daryl/ttb_ws/build/voxel_grid/CMakeFiles/CMakeTmp'
Makefile:126: recipe for target 'cmTC_18feb/fast' failed
make: *** [cmTC_18feb/fast] Error 2

File /home/daryl/ttb_ws/build/voxel_grid/CMakeFiles/CMakeTmp/CheckSymbolExists.c:
/* */
#include <pthread.h>

int main(int argc, char** argv)
{
  (void)argv;
#ifndef pthread_create
  return ((int*)(&pthread_create))[argc];
#else
  (void)argc;
  return 0;
#endif
}

Determining if the function pthread_create exists in the pthreads failed with the following output:
Change Dir: /home/daryl/ttb_ws/build/voxel_grid/CMakeFiles/CMakeTmp

Run Build Command:"/usr/bin/make" "cmTC_29033/fast"
/usr/bin/make -f CMakeFiles/cmTC_29033.dir/build.make CMakeFiles/cmTC_29033.dir/build
make[1]: Entering directory '/home/daryl/ttb_ws/build/voxel_grid/CMakeFiles/CMakeTmp'
Building C object CMakeFiles/cmTC_29033.dir/CheckFunctionExists.c.o
/usr/bin/cc   -DCHECK_FUNCTION_EXISTS=pthread_create   -o CMakeFiles/cmTC_29033.dir/CheckFunctionExists.c.o   -c /usr/share/cmake-3.10/Modules/CheckFunctionExists.c
Linking C executable cmTC_29033
/usr/bin/cmake -E cmake_link_script CMakeFiles/cmTC_29033.dir/link.txt --verbose=1
/usr/bin/cc  -DCHECK_FUNCTION_EXISTS=pthread_create    -rdynamic CMakeFiles/cmTC_29033.dir/CheckFunctionExists.c.o  -o cmTC_29033 -lpthreads 
/usr/bin/ld: cannot find -lpthreads
collect2: error: ld returned 1 exit status
CMakeFiles/cmTC_29033.dir/build.make:97: recipe for target 'cmTC_29033' failed
make[1]: *** [cmTC_29033] Error 1
make[1]: Leaving directory '/home/daryl/ttb_ws/build/voxel_grid/CMakeFiles/CMakeTmp'
Makefile:126: recipe for target 'cmTC_29033/fast' failed
make: *** [cmTC_29033/fast] Error 2


