Determining if the pthread_create exist failed with the following output:
Change Dir: /home/daryl/ttb_ws/build/clear_costmap_recovery/CMakeFiles/CMakeTmp

Run Build Command:"/usr/bin/make" "cmTC_61421/fast"
/usr/bin/make -f CMakeFiles/cmTC_61421.dir/build.make CMakeFiles/cmTC_61421.dir/build
make[1]: Entering directory '/home/daryl/ttb_ws/build/clear_costmap_recovery/CMakeFiles/CMakeTmp'
Building C object CMakeFiles/cmTC_61421.dir/CheckSymbolExists.c.o
/usr/bin/cc    -o CMakeFiles/cmTC_61421.dir/CheckSymbolExists.c.o   -c /home/daryl/ttb_ws/build/clear_costmap_recovery/CMakeFiles/CMakeTmp/CheckSymbolExists.c
Linking C executable cmTC_61421
/usr/bin/cmake -E cmake_link_script CMakeFiles/cmTC_61421.dir/link.txt --verbose=1
/usr/bin/cc      -rdynamic CMakeFiles/cmTC_61421.dir/CheckSymbolExists.c.o  -o cmTC_61421 
CMakeFiles/cmTC_61421.dir/CheckSymbolExists.c.o: In function `main':
CheckSymbolExists.c:(.text+0x1b): undefined reference to `pthread_create'
collect2: error: ld returned 1 exit status
CMakeFiles/cmTC_61421.dir/build.make:97: recipe for target 'cmTC_61421' failed
make[1]: *** [cmTC_61421] Error 1
make[1]: Leaving directory '/home/daryl/ttb_ws/build/clear_costmap_recovery/CMakeFiles/CMakeTmp'
Makefile:126: recipe for target 'cmTC_61421/fast' failed
make: *** [cmTC_61421/fast] Error 2

File /home/daryl/ttb_ws/build/clear_costmap_recovery/CMakeFiles/CMakeTmp/CheckSymbolExists.c:
/* */
#include <pthread.h>

int main(int argc, char** argv)
{
  (void)argv;
#ifndef pthread_create
  return ((int*)(&pthread_create))[argc];
#else
  (void)argc;
  return 0;
#endif
}

Determining if the function pthread_create exists in the pthreads failed with the following output:
Change Dir: /home/daryl/ttb_ws/build/clear_costmap_recovery/CMakeFiles/CMakeTmp

Run Build Command:"/usr/bin/make" "cmTC_0dc4e/fast"
/usr/bin/make -f CMakeFiles/cmTC_0dc4e.dir/build.make CMakeFiles/cmTC_0dc4e.dir/build
make[1]: Entering directory '/home/daryl/ttb_ws/build/clear_costmap_recovery/CMakeFiles/CMakeTmp'
Building C object CMakeFiles/cmTC_0dc4e.dir/CheckFunctionExists.c.o
/usr/bin/cc   -DCHECK_FUNCTION_EXISTS=pthread_create   -o CMakeFiles/cmTC_0dc4e.dir/CheckFunctionExists.c.o   -c /usr/share/cmake-3.10/Modules/CheckFunctionExists.c
Linking C executable cmTC_0dc4e
/usr/bin/cmake -E cmake_link_script CMakeFiles/cmTC_0dc4e.dir/link.txt --verbose=1
/usr/bin/cc  -DCHECK_FUNCTION_EXISTS=pthread_create    -rdynamic CMakeFiles/cmTC_0dc4e.dir/CheckFunctionExists.c.o  -o cmTC_0dc4e -lpthreads 
/usr/bin/ld: cannot find -lpthreads
collect2: error: ld returned 1 exit status
CMakeFiles/cmTC_0dc4e.dir/build.make:97: recipe for target 'cmTC_0dc4e' failed
make[1]: *** [cmTC_0dc4e] Error 1
make[1]: Leaving directory '/home/daryl/ttb_ws/build/clear_costmap_recovery/CMakeFiles/CMakeTmp'
Makefile:126: recipe for target 'cmTC_0dc4e/fast' failed
make: *** [cmTC_0dc4e/fast] Error 2


