Determining if the pthread_create exist failed with the following output:
Change Dir: /home/daryl/ttb_ws/build/base_local_planner/CMakeFiles/CMakeTmp

Run Build Command:"/usr/bin/make" "cmTC_ae1f0/fast"
/usr/bin/make -f CMakeFiles/cmTC_ae1f0.dir/build.make CMakeFiles/cmTC_ae1f0.dir/build
make[1]: Entering directory '/home/daryl/ttb_ws/build/base_local_planner/CMakeFiles/CMakeTmp'
Building C object CMakeFiles/cmTC_ae1f0.dir/CheckSymbolExists.c.o
/usr/bin/cc    -o CMakeFiles/cmTC_ae1f0.dir/CheckSymbolExists.c.o   -c /home/daryl/ttb_ws/build/base_local_planner/CMakeFiles/CMakeTmp/CheckSymbolExists.c
Linking C executable cmTC_ae1f0
/usr/bin/cmake -E cmake_link_script CMakeFiles/cmTC_ae1f0.dir/link.txt --verbose=1
/usr/bin/cc      -rdynamic CMakeFiles/cmTC_ae1f0.dir/CheckSymbolExists.c.o  -o cmTC_ae1f0 
CMakeFiles/cmTC_ae1f0.dir/CheckSymbolExists.c.o: In function `main':
CheckSymbolExists.c:(.text+0x1b): undefined reference to `pthread_create'
collect2: error: ld returned 1 exit status
CMakeFiles/cmTC_ae1f0.dir/build.make:97: recipe for target 'cmTC_ae1f0' failed
make[1]: *** [cmTC_ae1f0] Error 1
make[1]: Leaving directory '/home/daryl/ttb_ws/build/base_local_planner/CMakeFiles/CMakeTmp'
Makefile:126: recipe for target 'cmTC_ae1f0/fast' failed
make: *** [cmTC_ae1f0/fast] Error 2

File /home/daryl/ttb_ws/build/base_local_planner/CMakeFiles/CMakeTmp/CheckSymbolExists.c:
/* */
#include <pthread.h>

int main(int argc, char** argv)
{
  (void)argv;
#ifndef pthread_create
  return ((int*)(&pthread_create))[argc];
#else
  (void)argc;
  return 0;
#endif
}

Determining if the function pthread_create exists in the pthreads failed with the following output:
Change Dir: /home/daryl/ttb_ws/build/base_local_planner/CMakeFiles/CMakeTmp

Run Build Command:"/usr/bin/make" "cmTC_8a307/fast"
/usr/bin/make -f CMakeFiles/cmTC_8a307.dir/build.make CMakeFiles/cmTC_8a307.dir/build
make[1]: Entering directory '/home/daryl/ttb_ws/build/base_local_planner/CMakeFiles/CMakeTmp'
Building C object CMakeFiles/cmTC_8a307.dir/CheckFunctionExists.c.o
/usr/bin/cc   -DCHECK_FUNCTION_EXISTS=pthread_create   -o CMakeFiles/cmTC_8a307.dir/CheckFunctionExists.c.o   -c /usr/share/cmake-3.10/Modules/CheckFunctionExists.c
Linking C executable cmTC_8a307
/usr/bin/cmake -E cmake_link_script CMakeFiles/cmTC_8a307.dir/link.txt --verbose=1
/usr/bin/cc  -DCHECK_FUNCTION_EXISTS=pthread_create    -rdynamic CMakeFiles/cmTC_8a307.dir/CheckFunctionExists.c.o  -o cmTC_8a307 -lpthreads 
/usr/bin/ld: cannot find -lpthreads
collect2: error: ld returned 1 exit status
CMakeFiles/cmTC_8a307.dir/build.make:97: recipe for target 'cmTC_8a307' failed
make[1]: *** [cmTC_8a307] Error 1
make[1]: Leaving directory '/home/daryl/ttb_ws/build/base_local_planner/CMakeFiles/CMakeTmp'
Makefile:126: recipe for target 'cmTC_8a307/fast' failed
make: *** [cmTC_8a307/fast] Error 2


