In file included from [01m[K/home/daryl/ttb_ws/src/autopnp/ipa_room_segmentation/common/src/meanshift2d.cpp:61:0[m[K:
[01m[K/home/daryl/ttb_ws/src/autopnp/ipa_room_segmentation/common/include/ipa_room_segmentation/fast_math.h:[m[K In function ‘[01m[K{anonymous}::v4sf vfasterfc({anonymous}::v4sf)[m[K’:
[01m[K/home/daryl/ttb_ws/src/autopnp/ipa_room_segmentation/common/include/ipa_room_segmentation/fast_math.h:108:43:[m[K [01;31m[Kerror: [m[Knarrowing conversion of ‘[01m[K9223372039002259456[m[K’ from ‘[01m[Klong long unsigned int[m[K’ to ‘[01m[Klong long int[m[K’ inside { } [[01;31m[K-Wnarrowing[m[K]
 #define v2dil(x) ((const v4si) { (x), (x) [01;31m[K}[m[K)
                                           [01;31m[K^[m[K
[01m[K/home/daryl/ttb_ws/src/autopnp/ipa_room_segmentation/common/include/ipa_room_segmentation/fast_math.h:109:18:[m[K [01;36m[Knote: [m[Kin expansion of macro ‘[01m[Kv2dil[m[K’
 #define v4sil(x) [01;36m[Kv2dil[m[K((((unsigned long long) (x)) << 32) | (x))
                  [01;36m[K^~~~~[m[K
[01m[K/home/daryl/ttb_ws/src/autopnp/ipa_room_segmentation/common/include/ipa_room_segmentation/fast_math.h:543:11:[m[K [01;36m[Knote: [m[Kin expansion of macro ‘[01m[Kv4sil[m[K’
   vc.i |= [01;36m[Kv4sil[m[K (0x80000000);
           [01;36m[K^~~~~[m[K
[01m[K/home/daryl/ttb_ws/src/autopnp/ipa_room_segmentation/common/include/ipa_room_segmentation/fast_math.h:108:43:[m[K [01;31m[Kerror: [m[Knarrowing conversion of ‘[01m[K9223372039002259456[m[K’ from ‘[01m[Klong long unsigned int[m[K’ to ‘[01m[Klong long int[m[K’ inside { } [[01;31m[K-Wnarrowing[m[K]
 #define v2dil(x) ((const v4si) { (x), (x) [01;31m[K}[m[K)
                                           [01;31m[K^[m[K
[01m[K/home/daryl/ttb_ws/src/autopnp/ipa_room_segmentation/common/include/ipa_room_segmentation/fast_math.h:109:18:[m[K [01;36m[Knote: [m[Kin expansion of macro ‘[01m[Kv2dil[m[K’
 #define v4sil(x) [01;36m[Kv2dil[m[K((((unsigned long long) (x)) << 32) | (x))
                  [01;36m[K^~~~~[m[K
[01m[K/home/daryl/ttb_ws/src/autopnp/ipa_room_segmentation/common/include/ipa_room_segmentation/fast_math.h:543:11:[m[K [01;36m[Knote: [m[Kin expansion of macro ‘[01m[Kv4sil[m[K’
   vc.i |= [01;36m[Kv4sil[m[K (0x80000000);
           [01;36m[K^~~~~[m[K
[01m[K/home/daryl/ttb_ws/src/autopnp/ipa_room_segmentation/common/include/ipa_room_segmentation/fast_math.h:[m[K In function ‘[01m[K{anonymous}::v4sf vfastsin({anonymous}::v4sf)[m[K’:
[01m[K/home/daryl/ttb_ws/src/autopnp/ipa_room_segmentation/common/include/ipa_room_segmentation/fast_math.h:108:43:[m[K [01;31m[Kerror: [m[Knarrowing conversion of ‘[01m[K9223372039002259456[m[K’ from ‘[01m[Klong long unsigned int[m[K’ to ‘[01m[Klong long int[m[K’ inside { } [[01;31m[K-Wnarrowing[m[K]
 #define v2dil(x) ((const v4si) { (x), (x) [01;31m[K}[m[K)
                                           [01;31m[K^[m[K
[01m[K/home/daryl/ttb_ws/src/autopnp/ipa_room_segmentation/common/include/ipa_room_segmentation/fast_math.h:109:18:[m[K [01;36m[Knote: [m[Kin expansion of macro ‘[01m[Kv2dil[m[K’
 #define v4sil(x) [01;36m[Kv2dil[m[K((((unsigned long long) (x)) << 32) | (x))
                  [01;36m[K^~~~~[m[K
[01m[K/home/daryl/ttb_ws/src/autopnp/ipa_room_segmentation/common/include/ipa_room_segmentation/fast_math.h:1463:22:[m[K [01;36m[Knote: [m[Kin expansion of macro ‘[01m[Kv4sil[m[K’
   v4si sign = vx.i & [01;36m[Kv4sil[m[K (0x80000000);
                      [01;36m[K^~~~~[m[K
[01m[K/home/daryl/ttb_ws/src/autopnp/ipa_room_segmentation/common/include/ipa_room_segmentation/fast_math.h:108:43:[m[K [01;31m[Kerror: [m[Knarrowing conversion of ‘[01m[K9223372039002259456[m[K’ from ‘[01m[Klong long unsigned int[m[K’ to ‘[01m[Klong long int[m[K’ inside { } [[01;31m[K-Wnarrowing[m[K]
 #define v2dil(x) ((const v4si) { (x), (x) [01;31m[K}[m[K)
                                           [01;31m[K^[m[K
[01m[K/home/daryl/ttb_ws/src/autopnp/ipa_room_segmentation/common/include/ipa_room_segmentation/fast_math.h:109:18:[m[K [01;36m[Knote: [m[Kin expansion of macro ‘[01m[Kv2dil[m[K’
 #define v4sil(x) [01;36m[Kv2dil[m[K((((unsigned long long) (x)) << 32) | (x))
                  [01;36m[K^~~~~[m[K
[01m[K/home/daryl/ttb_ws/src/autopnp/ipa_room_segmentation/common/include/ipa_room_segmentation/fast_math.h:1463:22:[m[K [01;36m[Knote: [m[Kin expansion of macro ‘[01m[Kv4sil[m[K’
   v4si sign = vx.i & [01;36m[Kv4sil[m[K (0x80000000);
                      [01;36m[K^~~~~[m[K
[01m[K/home/daryl/ttb_ws/src/autopnp/ipa_room_segmentation/common/include/ipa_room_segmentation/fast_math.h:[m[K In function ‘[01m[K{anonymous}::v4sf vfastersin({anonymous}::v4sf)[m[K’:
[01m[K/home/daryl/ttb_ws/src/autopnp/ipa_room_segmentation/common/include/ipa_room_segmentation/fast_math.h:108:43:[m[K [01;31m[Kerror: [m[Knarrowing conversion of ‘[01m[K9223372039002259456[m[K’ from ‘[01m[Klong long unsigned int[m[K’ to ‘[01m[Klong long int[m[K’ inside { } [[01;31m[K-Wnarrowing[m[K]
 #define v2dil(x) ((const v4si) { (x), (x) [01;31m[K}[m[K)
                                           [01;31m[K^[m[K
[01m[K/home/daryl/ttb_ws/src/autopnp/ipa_room_segmentation/common/include/ipa_room_segmentation/fast_math.h:109:18:[m[K [01;36m[Knote: [m[Kin expansion of macro ‘[01m[Kv2dil[m[K’
 #define v4sil(x) [01;36m[Kv2dil[m[K((((unsigned long long) (x)) << 32) | (x))
                  [01;36m[K^~~~~[m[K
[01m[K/home/daryl/ttb_ws/src/autopnp/ipa_room_segmentation/common/include/ipa_room_segmentation/fast_math.h:1484:22:[m[K [01;36m[Knote: [m[Kin expansion of macro ‘[01m[Kv4sil[m[K’
   v4si sign = vx.i & [01;36m[Kv4sil[m[K (0x80000000);
                      [01;36m[K^~~~~[m[K
[01m[K/home/daryl/ttb_ws/src/autopnp/ipa_room_segmentation/common/include/ipa_room_segmentation/fast_math.h:108:43:[m[K [01;31m[Kerror: [m[Knarrowing conversion of ‘[01m[K9223372039002259456[m[K’ from ‘[01m[Klong long unsigned int[m[K’ to ‘[01m[Klong long int[m[K’ inside { } [[01;31m[K-Wnarrowing[m[K]
 #define v2dil(x) ((const v4si) { (x), (x) [01;31m[K}[m[K)
                                           [01;31m[K^[m[K
[01m[K/home/daryl/ttb_ws/src/autopnp/ipa_room_segmentation/common/include/ipa_room_segmentation/fast_math.h:109:18:[m[K [01;36m[Knote: [m[Kin expansion of macro ‘[01m[Kv2dil[m[K’
 #define v4sil(x) [01;36m[Kv2dil[m[K((((unsigned long long) (x)) << 32) | (x))
                  [01;36m[K^~~~~[m[K
[01m[K/home/daryl/ttb_ws/src/autopnp/ipa_room_segmentation/common/include/ipa_room_segmentation/fast_math.h:1484:22:[m[K [01;36m[Knote: [m[Kin expansion of macro ‘[01m[Kv4sil[m[K’
   v4si sign = vx.i & [01;36m[Kv4sil[m[K (0x80000000);
                      [01;36m[K^~~~~[m[K
make[2]: *** [CMakeFiles/room_segmentation_server.dir/common/src/meanshift2d.cpp.o] Error 1
make[2]: *** Waiting for unfinished jobs....
[01m[K/home/daryl/ttb_ws/src/autopnp/ipa_room_segmentation/common/src/adaboost_classifier.cpp:[m[K In member function ‘[01m[Kvoid AdaboostClassifier::segmentMap(const cv::Mat&, cv::Mat&, double, double, double, const string&, const string&, bool)[m[K’:
[01m[K/home/daryl/ttb_ws/src/autopnp/ipa_room_segmentation/common/src/adaboost_classifier.cpp:238:42:[m[K [01;31m[Kerror: [m[Kno matching function for call to ‘[01m[Kcv::ml::Boost::load(const char*)[m[K’
   room_boost_->load(filename_room.c_str()[01;31m[K)[m[K;
                                          [01;31m[K^[m[K
In file included from [01m[K/usr/include/opencv2/opencv.hpp:52:0[m[K,
                 from [01m[K/home/daryl/ttb_ws/src/autopnp/ipa_room_segmentation/common/include/ipa_room_segmentation/adaboost_classifier.h:2[m[K,
                 from [01m[K/home/daryl/ttb_ws/src/autopnp/ipa_room_segmentation/common/src/adaboost_classifier.cpp:1[m[K:
[01m[K/usr/include/opencv2/core.hpp:3074:44:[m[K [01;36m[Knote: [m[Kcandidate: template<class _Tp> static cv::Ptr<T> cv::Algorithm::load(const cv::String&, const cv::String&)
     template<typename _Tp> static Ptr<_Tp> [01;36m[Kload[m[K(const String& filename, const String& objname=String())
                                            [01;36m[K^~~~[m[K
[01m[K/usr/include/opencv2/core.hpp:3074:44:[m[K [01;36m[Knote: [m[K  template argument deduction/substitution failed:
[01m[K/home/daryl/ttb_ws/src/autopnp/ipa_room_segmentation/common/src/adaboost_classifier.cpp:238:42:[m[K [01;36m[Knote: [m[K  couldn't deduce template parameter ‘[01m[K_Tp[m[K’
   room_boost_->load(filename_room.c_str()[01;36m[K)[m[K;
                                          [01;36m[K^[m[K
[01m[K/home/daryl/ttb_ws/src/autopnp/ipa_room_segmentation/common/src/adaboost_classifier.cpp:248:48:[m[K [01;31m[Kerror: [m[Kno matching function for call to ‘[01m[Kcv::ml::Boost::load(const char*)[m[K’
   hallway_boost_->load(filename_hallway.c_str()[01;31m[K)[m[K;
                                                [01;31m[K^[m[K
In file included from [01m[K/usr/include/opencv2/opencv.hpp:52:0[m[K,
                 from [01m[K/home/daryl/ttb_ws/src/autopnp/ipa_room_segmentation/common/include/ipa_room_segmentation/adaboost_classifier.h:2[m[K,
                 from [01m[K/home/daryl/ttb_ws/src/autopnp/ipa_room_segmentation/common/src/adaboost_classifier.cpp:1[m[K:
[01m[K/usr/include/opencv2/core.hpp:3074:44:[m[K [01;36m[Knote: [m[Kcandidate: template<class _Tp> static cv::Ptr<T> cv::Algorithm::load(const cv::String&, const cv::String&)
     template<typename _Tp> static Ptr<_Tp> [01;36m[Kload[m[K(const String& filename, const String& objname=String())
                                            [01;36m[K^~~~[m[K
[01m[K/usr/include/opencv2/core.hpp:3074:44:[m[K [01;36m[Knote: [m[K  template argument deduction/substitution failed:
[01m[K/home/daryl/ttb_ws/src/autopnp/ipa_room_segmentation/common/src/adaboost_classifier.cpp:248:48:[m[K [01;36m[Knote: [m[K  couldn't deduce template parameter ‘[01m[K_Tp[m[K’
   hallway_boost_->load(filename_hallway.c_str()[01;36m[K)[m[K;
                                                [01;36m[K^[m[K
make[2]: *** [CMakeFiles/room_segmentation_server.dir/common/src/adaboost_classifier.cpp.o] Error 1
[01m[K/home/daryl/ttb_ws/src/autopnp/ipa_room_segmentation/common/src/voronoi_random_field_segmentation.cpp:[m[K In member function ‘[01m[Kvoid VoronoiRandomFieldSegmentation::segmentMap(const cv::Mat&, cv::Mat&, int, int, int, std::vector<unsigned int>&, double, bool, std::__cxx11::string, std::__cxx11::string, int, double, double, double, double, std::vector<cv::Point_<int> >*)[m[K’:
[01m[K/home/daryl/ttb_ws/src/autopnp/ipa_room_segmentation/common/src/voronoi_random_field_segmentation.cpp:1234:42:[m[K [01;31m[Kerror: [m[Kno matching function for call to ‘[01m[Kcv::ml::Boost::load(const char*)[m[K’
   room_boost_->load(filename_room.c_str()[01;31m[K)[m[K;
                                          [01;31m[K^[m[K
In file included from [01m[K/usr/include/opencv2/opencv.hpp:52:0[m[K,
                 from [01m[K/home/daryl/ttb_ws/src/autopnp/ipa_room_segmentation/common/include/ipa_room_segmentation/voronoi_random_field_segmentation.h:62[m[K,
                 from [01m[K/home/daryl/ttb_ws/src/autopnp/ipa_room_segmentation/common/src/voronoi_random_field_segmentation.cpp:60[m[K:
[01m[K/usr/include/opencv2/core.hpp:3074:44:[m[K [01;36m[Knote: [m[Kcandidate: template<class _Tp> static cv::Ptr<T> cv::Algorithm::load(const cv::String&, const cv::String&)
     template<typename _Tp> static Ptr<_Tp> [01;36m[Kload[m[K(const String& filename, const String& objname=String())
                                            [01;36m[K^~~~[m[K
[01m[K/usr/include/opencv2/core.hpp:3074:44:[m[K [01;36m[Knote: [m[K  template argument deduction/substitution failed:
[01m[K/home/daryl/ttb_ws/src/autopnp/ipa_room_segmentation/common/src/voronoi_random_field_segmentation.cpp:1234:42:[m[K [01;36m[Knote: [m[K  couldn't deduce template parameter ‘[01m[K_Tp[m[K’
   room_boost_->load(filename_room.c_str()[01;36m[K)[m[K;
                                          [01;36m[K^[m[K
[01m[K/home/daryl/ttb_ws/src/autopnp/ipa_room_segmentation/common/src/voronoi_random_field_segmentation.cpp:1245:48:[m[K [01;31m[Kerror: [m[Kno matching function for call to ‘[01m[Kcv::ml::Boost::load(const char*)[m[K’
   hallway_boost_->load(filename_hallway.c_str()[01;31m[K)[m[K;
                                                [01;31m[K^[m[K
In file included from [01m[K/usr/include/opencv2/opencv.hpp:52:0[m[K,
                 from [01m[K/home/daryl/ttb_ws/src/autopnp/ipa_room_segmentation/common/include/ipa_room_segmentation/voronoi_random_field_segmentation.h:62[m[K,
                 from [01m[K/home/daryl/ttb_ws/src/autopnp/ipa_room_segmentation/common/src/voronoi_random_field_segmentation.cpp:60[m[K:
[01m[K/usr/include/opencv2/core.hpp:3074:44:[m[K [01;36m[Knote: [m[Kcandidate: template<class _Tp> static cv::Ptr<T> cv::Algorithm::load(const cv::String&, const cv::String&)
     template<typename _Tp> static Ptr<_Tp> [01;36m[Kload[m[K(const String& filename, const String& objname=String())
                                            [01;36m[K^~~~[m[K
[01m[K/usr/include/opencv2/core.hpp:3074:44:[m[K [01;36m[Knote: [m[K  template argument deduction/substitution failed:
[01m[K/home/daryl/ttb_ws/src/autopnp/ipa_room_segmentation/common/src/voronoi_random_field_segmentation.cpp:1245:48:[m[K [01;36m[Knote: [m[K  couldn't deduce template parameter ‘[01m[K_Tp[m[K’
   hallway_boost_->load(filename_hallway.c_str()[01;36m[K)[m[K;
                                                [01;36m[K^[m[K
[01m[K/home/daryl/ttb_ws/src/autopnp/ipa_room_segmentation/common/src/voronoi_random_field_segmentation.cpp:1256:48:[m[K [01;31m[Kerror: [m[Kno matching function for call to ‘[01m[Kcv::ml::Boost::load(const char*)[m[K’
   doorway_boost_->load(filename_doorway.c_str()[01;31m[K)[m[K;
                                                [01;31m[K^[m[K
In file included from [01m[K/usr/include/opencv2/opencv.hpp:52:0[m[K,
                 from [01m[K/home/daryl/ttb_ws/src/autopnp/ipa_room_segmentation/common/include/ipa_room_segmentation/voronoi_random_field_segmentation.h:62[m[K,
                 from [01m[K/home/daryl/ttb_ws/src/autopnp/ipa_room_segmentation/common/src/voronoi_random_field_segmentation.cpp:60[m[K:
[01m[K/usr/include/opencv2/core.hpp:3074:44:[m[K [01;36m[Knote: [m[Kcandidate: template<class _Tp> static cv::Ptr<T> cv::Algorithm::load(const cv::String&, const cv::String&)
     template<typename _Tp> static Ptr<_Tp> [01;36m[Kload[m[K(const String& filename, const String& objname=String())
                                            [01;36m[K^~~~[m[K
[01m[K/usr/include/opencv2/core.hpp:3074:44:[m[K [01;36m[Knote: [m[K  template argument deduction/substitution failed:
[01m[K/home/daryl/ttb_ws/src/autopnp/ipa_room_segmentation/common/src/voronoi_random_field_segmentation.cpp:1256:48:[m[K [01;36m[Knote: [m[K  couldn't deduce template parameter ‘[01m[K_Tp[m[K’
   doorway_boost_->load(filename_doorway.c_str()[01;36m[K)[m[K;
                                                [01;36m[K^[m[K
In file included from [01m[K/opt/ros/melodic/include/opengm/graphicalmodel/graphicalmodel.hxx:11:0[m[K,
                 from [01m[K/home/daryl/ttb_ws/src/autopnp/ipa_room_segmentation/common/include/ipa_room_segmentation/voronoi_random_field_segmentation.h:78[m[K,
                 from [01m[K/home/daryl/ttb_ws/src/autopnp/ipa_room_segmentation/common/src/voronoi_random_field_segmentation.cpp:60[m[K:
/opt/ros/melodic/include/opengm/datastructures/fast_sequence.hxx: In instantiation of ‘[01m[Kopengm::FastSequence<T, MAX_STACK>::~FastSequence() [with T = long unsigned int; long unsigned int MAX_STACK = 5][m[K’:
[01m[K/opt/ros/melodic/include/opengm/graphicalmodel/graphicalmodel_factor.hxx:1581:39:[m[K   required from ‘[01m[Kvoid opengm::IndependentFactor<T, I, L>::fixVariables(INDEX_ITERATOR, INDEX_ITERATOR, STATE_ITERATOR) [with INDEX_ITERATOR = __gnu_cxx::__normal_iterator<long unsigned int*, std::vector<long unsigned int> >; STATE_ITERATOR = __gnu_cxx::__normal_iterator<long unsigned int*, std::vector<long unsigned int> >; T = double; I = long unsigned int; L = long unsigned int][m[K’
[01m[K/opt/ros/melodic/include/opengm/inference/inference.hxx:199:19:[m[K   required from ‘[01m[Kopengm::InferenceTermination opengm::Inference<GM, ACC>::constrainedOptimum(std::vector<typename A::IndexType>&, std::vector<typename A::LabelType>&, std::vector<typename A::LabelType>&) const [with GM = opengm::GraphicalModel<double, opengm::Adder, opengm::ExplicitFunction<double>, opengm::SimpleDiscreteSpace<long unsigned int, long unsigned int> >; ACC = opengm::Maximizer; typename A::IndexType = long unsigned int; typename A::LabelType = long unsigned int][m[K’
[01m[K/opt/ros/melodic/include/opengm/inference/inference.hxx:395:29:[m[K   required from ‘[01m[Kopengm::InferenceTermination opengm::Inference<GM, ACC>::modeFromFactorMarginal(std::vector<typename A::LabelType>&) const [with GM = opengm::GraphicalModel<double, opengm::Adder, opengm::ExplicitFunction<double>, opengm::SimpleDiscreteSpace<long unsigned int, long unsigned int> >; ACC = opengm::Maximizer; typename A::LabelType = long unsigned int][m[K’
[01m[K/opt/ros/melodic/include/opengm/inference/messagepassing/messagepassing.hxx:631:50:[m[K   required from ‘[01m[Kopengm::InferenceTermination opengm::MessagePassing<GM, ACC, UPDATE_RULES, DIST>::arg(std::vector<typename A::LabelType>&, size_t) const [with GM = opengm::GraphicalModel<double, opengm::Adder, opengm::ExplicitFunction<double>, opengm::SimpleDiscreteSpace<long unsigned int, long unsigned int> >; ACC = opengm::Maximizer; UPDATE_RULES = opengm::BeliefPropagationUpdateRules<opengm::GraphicalModel<double, opengm::Adder, opengm::ExplicitFunction<double>, opengm::SimpleDiscreteSpace<long unsigned int, long unsigned int> >, opengm::Maximizer>; DIST = opengm::MaxDistance; typename A::LabelType = long unsigned int; size_t = long unsigned int][m[K’
[01m[K/home/daryl/ttb_ws/src/autopnp/ipa_room_segmentation/common/src/voronoi_random_field_segmentation.cpp:1511:36:[m[K   required from here
[01m[K/opt/ros/melodic/include/opengm/opengm.hxx:82:42:[m[K [01;35m[Kwarning: [m[Kthrow will always call terminate() [[01;35m[K-Wterminate[m[K]
          throw std::runtime_error(s.str()[01;35m[K)[m[K; \
                                          [01;35m[K^[m[K
[01m[K/opt/ros/melodic/include/opengm/datastructures/fast_sequence.hxx:137:7:[m[K [01;36m[Knote: [m[Kin expansion of macro ‘[01m[KOPENGM_ASSERT[m[K’
       [01;36m[KO[m[KPENGM_ASSERT(pointerToSequence_!=NULL);
       [01;36m[K^[m[K
[01m[K/opt/ros/melodic/include/opengm/opengm.hxx:82:42:[m[K [01;36m[Knote: [m[Kin C++11 destructors default to noexcept
          throw std::runtime_error(s.str()[01;36m[K)[m[K; \
                                          [01;36m[K^[m[K
[01m[K/opt/ros/melodic/include/opengm/datastructures/fast_sequence.hxx:137:7:[m[K [01;36m[Knote: [m[Kin expansion of macro ‘[01m[KOPENGM_ASSERT[m[K’
       [01;36m[KO[m[KPENGM_ASSERT(pointerToSequence_!=NULL);
       [01;36m[K^[m[K
/opt/ros/melodic/include/opengm/datastructures/fast_sequence.hxx: In instantiation of ‘[01m[Kopengm::FastSequence<T, MAX_STACK>::~FastSequence() [with T = bool; long unsigned int MAX_STACK = 5][m[K’:
[01m[K/opt/ros/melodic/include/opengm/utilities/indexing.hxx:293:10:[m[K   required from ‘[01m[Kstatic void opengm::BinaryOperationInplaceImpl<A, B, OP>::op(A&, const B&, VI_A&, const VI_B&, OP) [with VI_A = std::vector<long unsigned int>; VI_B = std::vector<long unsigned int>; A = opengm::ExplicitFunction<double>; B = opengm::ExplicitFunction<double>; OP = std::plus<double>][m[K’
[01m[K/opt/ros/melodic/include/opengm/graphicalmodel/graphicalmodel_factor_operator.hxx:187:42:[m[K   required from ‘[01m[Kstatic void opengm::functionwrapper::executor::binary::InplaceOperationExecutor<A, B, OP, IY, DY, false>::op(A&, const B&, OP, size_t) [with A = opengm::IndependentFactor<double, long unsigned int, long unsigned int>; B = opengm::IndependentFactor<double, long unsigned int, long unsigned int>; OP = std::plus<double>; long unsigned int IY = 0; long unsigned int DY = 1; size_t = long unsigned int][m[K’
[01m[K/opt/ros/melodic/include/opengm/graphicalmodel/graphicalmodel_factor_operator.hxx:547:29:[m[K   required from ‘[01m[Kstatic void opengm::functionwrapper::binary::InplaceOperationWrapper<A, B, OP, opengm::functionwrapper::IndependentFactorFlag, opengm::functionwrapper::IndependentFactorOrFactorFlag>::op(A&, const B&, OP) [with A = opengm::IndependentFactor<double, long unsigned int, long unsigned int>; B = opengm::IndependentFactor<double, long unsigned int, long unsigned int>; OP = std::plus<double>][m[K’
[01m[K/opt/ros/melodic/include/opengm/graphicalmodel/graphicalmodel_factor_operator.hxx:581:36:[m[K   required from ‘[01m[Kstatic void opengm::functionwrapper::binary::InplaceOperationWrapperSelector<A, B, OP>::op(A&, const B&, OP) [with A = opengm::IndependentFactor<double, long unsigned int, long unsigned int>; B = opengm::IndependentFactor<double, long unsigned int, long unsigned int>; OP = std::plus<double>][m[K’
[01m[K/opt/ros/melodic/include/opengm/graphicalmodel/graphicalmodel_factor_operator.hxx:607:74:[m[K   [ skipping 2 instantiation contexts, use -ftemplate-backtrace-limit=0 to disable ]
[01m[K/opt/ros/melodic/include/opengm/graphicalmodel/graphicalmodel_factor.hxx:1771:1:[m[K   required from ‘[01m[Kopengm::IndependentFactor<T, I, L>& opengm::operator+=(opengm::IndependentFactor<T, I, L>&, const opengm::IndependentFactor<T, I, L>&) [with T = double; I = long unsigned int; L = long unsigned int][m[K’
[01m[K/opt/ros/melodic/include/opengm/operations/adder.hxx:35:16:[m[K   required from ‘[01m[Kstatic void opengm::Adder::op(const T1&, T2&) [with T1 = opengm::IndependentFactor<double, long unsigned int, long unsigned int>; T2 = opengm::IndependentFactor<double, long unsigned int, long unsigned int>][m[K’
[01m[K/opt/ros/melodic/include/opengm/inference/inference.hxx:202:35:[m[K   required from ‘[01m[Kopengm::InferenceTermination opengm::Inference<GM, ACC>::constrainedOptimum(std::vector<typename A::IndexType>&, std::vector<typename A::LabelType>&, std::vector<typename A::LabelType>&) const [with GM = opengm::GraphicalModel<double, opengm::Adder, opengm::ExplicitFunction<double>, opengm::SimpleDiscreteSpace<long unsigned int, long unsigned int> >; ACC = opengm::Maximizer; typename A::IndexType = long unsigned int; typename A::LabelType = long unsigned int][m[K’
[01m[K/opt/ros/melodic/include/opengm/inference/inference.hxx:395:29:[m[K   required from ‘[01m[Kopengm::InferenceTermination opengm::Inference<GM, ACC>::modeFromFactorMarginal(std::vector<typename A::LabelType>&) const [with GM = opengm::GraphicalModel<double, opengm::Adder, opengm::ExplicitFunction<double>, opengm::SimpleDiscreteSpace<long unsigned int, long unsigned int> >; ACC = opengm::Maximizer; typename A::LabelType = long unsigned int][m[K’
[01m[K/opt/ros/melodic/include/opengm/inference/messagepassing/messagepassing.hxx:631:50:[m[K   required from ‘[01m[Kopengm::InferenceTermination opengm::MessagePassing<GM, ACC, UPDATE_RULES, DIST>::arg(std::vector<typename A::LabelType>&, size_t) const [with GM = opengm::GraphicalModel<double, opengm::Adder, opengm::ExplicitFunction<double>, opengm::SimpleDiscreteSpace<long unsigned int, long unsigned int> >; ACC = opengm::Maximizer; UPDATE_RULES = opengm::BeliefPropagationUpdateRules<opengm::GraphicalModel<double, opengm::Adder, opengm::ExplicitFunction<double>, opengm::SimpleDiscreteSpace<long unsigned int, long unsigned int> >, opengm::Maximizer>; DIST = opengm::MaxDistance; typename A::LabelType = long unsigned int; size_t = long unsigned int][m[K’
[01m[K/home/daryl/ttb_ws/src/autopnp/ipa_room_segmentation/common/src/voronoi_random_field_segmentation.cpp:1511:36:[m[K   required from here
[01m[K/opt/ros/melodic/include/opengm/opengm.hxx:82:42:[m[K [01;35m[Kwarning: [m[Kthrow will always call terminate() [[01;35m[K-Wterminate[m[K]
          throw std::runtime_error(s.str()[01;35m[K)[m[K; \
                                          [01;35m[K^[m[K
[01m[K/opt/ros/melodic/include/opengm/datastructures/fast_sequence.hxx:137:7:[m[K [01;36m[Knote: [m[Kin expansion of macro ‘[01m[KOPENGM_ASSERT[m[K’
       [01;36m[KO[m[KPENGM_ASSERT(pointerToSequence_!=NULL);
       [01;36m[K^[m[K
[01m[K/opt/ros/melodic/include/opengm/opengm.hxx:82:42:[m[K [01;36m[Knote: [m[Kin C++11 destructors default to noexcept
          throw std::runtime_error(s.str()[01;36m[K)[m[K; \
                                          [01;36m[K^[m[K
[01m[K/opt/ros/melodic/include/opengm/datastructures/fast_sequence.hxx:137:7:[m[K [01;36m[Knote: [m[Kin expansion of macro ‘[01m[KOPENGM_ASSERT[m[K’
       [01;36m[KO[m[KPENGM_ASSERT(pointerToSequence_!=NULL);
       [01;36m[K^[m[K
make[2]: *** [CMakeFiles/room_segmentation_server.dir/common/src/voronoi_random_field_segmentation.cpp.o] Error 1
make[1]: *** [CMakeFiles/room_segmentation_server.dir/all] Error 2
make: *** [all] Error 2
