Determining if the pthread_create exist failed with the following output:
Change Dir: /home/daryl/ttb_ws/build/grid_map_core/CMakeFiles/CMakeTmp

Run Build Command:"/usr/bin/make" "cmTC_68243/fast"
/usr/bin/make -f CMakeFiles/cmTC_68243.dir/build.make CMakeFiles/cmTC_68243.dir/build
make[1]: Entering directory '/home/daryl/ttb_ws/build/grid_map_core/CMakeFiles/CMakeTmp'
Building C object CMakeFiles/cmTC_68243.dir/CheckSymbolExists.c.o
/usr/bin/cc    -o CMakeFiles/cmTC_68243.dir/CheckSymbolExists.c.o   -c /home/daryl/ttb_ws/build/grid_map_core/CMakeFiles/CMakeTmp/CheckSymbolExists.c
Linking C executable cmTC_68243
/usr/bin/cmake -E cmake_link_script CMakeFiles/cmTC_68243.dir/link.txt --verbose=1
/usr/bin/cc      -rdynamic CMakeFiles/cmTC_68243.dir/CheckSymbolExists.c.o  -o cmTC_68243 
CMakeFiles/cmTC_68243.dir/CheckSymbolExists.c.o: In function `main':
CheckSymbolExists.c:(.text+0x1b): undefined reference to `pthread_create'
collect2: error: ld returned 1 exit status
CMakeFiles/cmTC_68243.dir/build.make:97: recipe for target 'cmTC_68243' failed
make[1]: *** [cmTC_68243] Error 1
make[1]: Leaving directory '/home/daryl/ttb_ws/build/grid_map_core/CMakeFiles/CMakeTmp'
Makefile:126: recipe for target 'cmTC_68243/fast' failed
make: *** [cmTC_68243/fast] Error 2

File /home/daryl/ttb_ws/build/grid_map_core/CMakeFiles/CMakeTmp/CheckSymbolExists.c:
/* */
#include <pthread.h>

int main(int argc, char** argv)
{
  (void)argv;
#ifndef pthread_create
  return ((int*)(&pthread_create))[argc];
#else
  (void)argc;
  return 0;
#endif
}

Determining if the function pthread_create exists in the pthreads failed with the following output:
Change Dir: /home/daryl/ttb_ws/build/grid_map_core/CMakeFiles/CMakeTmp

Run Build Command:"/usr/bin/make" "cmTC_07dc1/fast"
/usr/bin/make -f CMakeFiles/cmTC_07dc1.dir/build.make CMakeFiles/cmTC_07dc1.dir/build
make[1]: Entering directory '/home/daryl/ttb_ws/build/grid_map_core/CMakeFiles/CMakeTmp'
Building C object CMakeFiles/cmTC_07dc1.dir/CheckFunctionExists.c.o
/usr/bin/cc   -DCHECK_FUNCTION_EXISTS=pthread_create   -o CMakeFiles/cmTC_07dc1.dir/CheckFunctionExists.c.o   -c /usr/share/cmake-3.10/Modules/CheckFunctionExists.c
Linking C executable cmTC_07dc1
/usr/bin/cmake -E cmake_link_script CMakeFiles/cmTC_07dc1.dir/link.txt --verbose=1
/usr/bin/cc  -DCHECK_FUNCTION_EXISTS=pthread_create    -rdynamic CMakeFiles/cmTC_07dc1.dir/CheckFunctionExists.c.o  -o cmTC_07dc1 -lpthreads 
/usr/bin/ld: cannot find -lpthreads
collect2: error: ld returned 1 exit status
CMakeFiles/cmTC_07dc1.dir/build.make:97: recipe for target 'cmTC_07dc1' failed
make[1]: *** [cmTC_07dc1] Error 1
make[1]: Leaving directory '/home/daryl/ttb_ws/build/grid_map_core/CMakeFiles/CMakeTmp'
Makefile:126: recipe for target 'cmTC_07dc1/fast' failed
make: *** [cmTC_07dc1/fast] Error 2


