Linked: (/home/daryl/ttb_ws/devel/.private/ipa_building_msgs/include/ipa_building_msgs/FindRoomSequenceWithCheckpointsActionResult.h, /home/daryl/ttb_ws/devel/include/ipa_building_msgs/FindRoomSequenceWithCheckpointsActionResult.h)
Linked: (/home/daryl/ttb_ws/devel/.private/ipa_building_msgs/include/ipa_building_msgs/FindRoomSequenceWithCheckpointsAction.h, /home/daryl/ttb_ws/devel/include/ipa_building_msgs/FindRoomSequenceWithCheckpointsAction.h)
Linked: (/home/daryl/ttb_ws/devel/.private/ipa_building_msgs/include/ipa_building_msgs/MapSegmentationResult.h, /home/daryl/ttb_ws/devel/include/ipa_building_msgs/MapSegmentationResult.h)
Linked: (/home/daryl/ttb_ws/devel/.private/ipa_building_msgs/include/ipa_building_msgs/MapSegmentationActionGoal.h, /home/daryl/ttb_ws/devel/include/ipa_building_msgs/MapSegmentationActionGoal.h)
Linked: (/home/daryl/ttb_ws/devel/.private/ipa_building_msgs/include/ipa_building_msgs/FindRoomSequenceWithCheckpointsActionFeedback.h, /home/daryl/ttb_ws/devel/include/ipa_building_msgs/FindRoomSequenceWithCheckpointsActionFeedback.h)
Linked: (/home/daryl/ttb_ws/devel/.private/ipa_building_msgs/include/ipa_building_msgs/MapSegmentationActionResult.h, /home/daryl/ttb_ws/devel/include/ipa_building_msgs/MapSegmentationActionResult.h)
Linked: (/home/daryl/ttb_ws/devel/.private/ipa_building_msgs/include/ipa_building_msgs/MapSegmentationAction.h, /home/daryl/ttb_ws/devel/include/ipa_building_msgs/MapSegmentationAction.h)
Linked: (/home/daryl/ttb_ws/devel/.private/ipa_building_msgs/include/ipa_building_msgs/FindRoomSequenceWithCheckpointsGoal.h, /home/daryl/ttb_ws/devel/include/ipa_building_msgs/FindRoomSequenceWithCheckpointsGoal.h)
Linked: (/home/daryl/ttb_ws/devel/.private/ipa_building_msgs/include/ipa_building_msgs/FindRoomSequenceWithCheckpointsFeedback.h, /home/daryl/ttb_ws/devel/include/ipa_building_msgs/FindRoomSequenceWithCheckpointsFeedback.h)
Linked: (/home/daryl/ttb_ws/devel/.private/ipa_building_msgs/include/ipa_building_msgs/RoomExplorationResult.h, /home/daryl/ttb_ws/devel/include/ipa_building_msgs/RoomExplorationResult.h)
Linked: (/home/daryl/ttb_ws/devel/.private/ipa_building_msgs/include/ipa_building_msgs/RoomExplorationActionFeedback.h, /home/daryl/ttb_ws/devel/include/ipa_building_msgs/RoomExplorationActionFeedback.h)
Linked: (/home/daryl/ttb_ws/devel/.private/ipa_building_msgs/include/ipa_building_msgs/RoomExplorationGoal.h, /home/daryl/ttb_ws/devel/include/ipa_building_msgs/RoomExplorationGoal.h)
Linked: (/home/daryl/ttb_ws/devel/.private/ipa_building_msgs/include/ipa_building_msgs/ExtractAreaMapFromLabeledMapResponse.h, /home/daryl/ttb_ws/devel/include/ipa_building_msgs/ExtractAreaMapFromLabeledMapResponse.h)
Linked: (/home/daryl/ttb_ws/devel/.private/ipa_building_msgs/include/ipa_building_msgs/ExtractAreaMapFromLabeledMap.h, /home/daryl/ttb_ws/devel/include/ipa_building_msgs/ExtractAreaMapFromLabeledMap.h)
Linked: (/home/daryl/ttb_ws/devel/.private/ipa_building_msgs/include/ipa_building_msgs/FindRoomSequenceWithCheckpointsResult.h, /home/daryl/ttb_ws/devel/include/ipa_building_msgs/FindRoomSequenceWithCheckpointsResult.h)
Linked: (/home/daryl/ttb_ws/devel/.private/ipa_building_msgs/include/ipa_building_msgs/MapSegmentationFeedback.h, /home/daryl/ttb_ws/devel/include/ipa_building_msgs/MapSegmentationFeedback.h)
Linked: (/home/daryl/ttb_ws/devel/.private/ipa_building_msgs/include/ipa_building_msgs/RoomSequence.h, /home/daryl/ttb_ws/devel/include/ipa_building_msgs/RoomSequence.h)
Linked: (/home/daryl/ttb_ws/devel/.private/ipa_building_msgs/include/ipa_building_msgs/RoomExplorationActionGoal.h, /home/daryl/ttb_ws/devel/include/ipa_building_msgs/RoomExplorationActionGoal.h)
Linked: (/home/daryl/ttb_ws/devel/.private/ipa_building_msgs/include/ipa_building_msgs/RoomExplorationActionResult.h, /home/daryl/ttb_ws/devel/include/ipa_building_msgs/RoomExplorationActionResult.h)
Linked: (/home/daryl/ttb_ws/devel/.private/ipa_building_msgs/include/ipa_building_msgs/MapSegmentationActionFeedback.h, /home/daryl/ttb_ws/devel/include/ipa_building_msgs/MapSegmentationActionFeedback.h)
Linked: (/home/daryl/ttb_ws/devel/.private/ipa_building_msgs/include/ipa_building_msgs/ExtractAreaMapFromLabeledMapRequest.h, /home/daryl/ttb_ws/devel/include/ipa_building_msgs/ExtractAreaMapFromLabeledMapRequest.h)
Linked: (/home/daryl/ttb_ws/devel/.private/ipa_building_msgs/include/ipa_building_msgs/FindRoomSequenceWithCheckpointsActionGoal.h, /home/daryl/ttb_ws/devel/include/ipa_building_msgs/FindRoomSequenceWithCheckpointsActionGoal.h)
Linked: (/home/daryl/ttb_ws/devel/.private/ipa_building_msgs/include/ipa_building_msgs/RoomInformation.h, /home/daryl/ttb_ws/devel/include/ipa_building_msgs/RoomInformation.h)
Linked: (/home/daryl/ttb_ws/devel/.private/ipa_building_msgs/include/ipa_building_msgs/CheckCoverage.h, /home/daryl/ttb_ws/devel/include/ipa_building_msgs/CheckCoverage.h)
Linked: (/home/daryl/ttb_ws/devel/.private/ipa_building_msgs/include/ipa_building_msgs/CheckCoverageRequest.h, /home/daryl/ttb_ws/devel/include/ipa_building_msgs/CheckCoverageRequest.h)
Linked: (/home/daryl/ttb_ws/devel/.private/ipa_building_msgs/include/ipa_building_msgs/MapSegmentationGoal.h, /home/daryl/ttb_ws/devel/include/ipa_building_msgs/MapSegmentationGoal.h)
Linked: (/home/daryl/ttb_ws/devel/.private/ipa_building_msgs/include/ipa_building_msgs/RoomExplorationAction.h, /home/daryl/ttb_ws/devel/include/ipa_building_msgs/RoomExplorationAction.h)
Linked: (/home/daryl/ttb_ws/devel/.private/ipa_building_msgs/include/ipa_building_msgs/RoomExplorationFeedback.h, /home/daryl/ttb_ws/devel/include/ipa_building_msgs/RoomExplorationFeedback.h)
Linked: (/home/daryl/ttb_ws/devel/.private/ipa_building_msgs/include/ipa_building_msgs/CheckCoverageResponse.h, /home/daryl/ttb_ws/devel/include/ipa_building_msgs/CheckCoverageResponse.h)
Linked: (/home/daryl/ttb_ws/devel/.private/ipa_building_msgs/share/roseus/ros/ipa_building_msgs/manifest.l, /home/daryl/ttb_ws/devel/share/roseus/ros/ipa_building_msgs/manifest.l)
Linked: (/home/daryl/ttb_ws/devel/.private/ipa_building_msgs/share/roseus/ros/ipa_building_msgs/srv/CheckCoverage.l, /home/daryl/ttb_ws/devel/share/roseus/ros/ipa_building_msgs/srv/CheckCoverage.l)
Linked: (/home/daryl/ttb_ws/devel/.private/ipa_building_msgs/share/roseus/ros/ipa_building_msgs/srv/ExtractAreaMapFromLabeledMap.l, /home/daryl/ttb_ws/devel/share/roseus/ros/ipa_building_msgs/srv/ExtractAreaMapFromLabeledMap.l)
Linked: (/home/daryl/ttb_ws/devel/.private/ipa_building_msgs/share/roseus/ros/ipa_building_msgs/msg/MapSegmentationActionGoal.l, /home/daryl/ttb_ws/devel/share/roseus/ros/ipa_building_msgs/msg/MapSegmentationActionGoal.l)
Linked: (/home/daryl/ttb_ws/devel/.private/ipa_building_msgs/share/roseus/ros/ipa_building_msgs/msg/RoomExplorationFeedback.l, /home/daryl/ttb_ws/devel/share/roseus/ros/ipa_building_msgs/msg/RoomExplorationFeedback.l)
Linked: (/home/daryl/ttb_ws/devel/.private/ipa_building_msgs/share/roseus/ros/ipa_building_msgs/msg/FindRoomSequenceWithCheckpointsAction.l, /home/daryl/ttb_ws/devel/share/roseus/ros/ipa_building_msgs/msg/FindRoomSequenceWithCheckpointsAction.l)
Linked: (/home/daryl/ttb_ws/devel/.private/ipa_building_msgs/share/roseus/ros/ipa_building_msgs/msg/MapSegmentationActionResult.l, /home/daryl/ttb_ws/devel/share/roseus/ros/ipa_building_msgs/msg/MapSegmentationActionResult.l)
Linked: (/home/daryl/ttb_ws/devel/.private/ipa_building_msgs/share/roseus/ros/ipa_building_msgs/msg/RoomExplorationActionGoal.l, /home/daryl/ttb_ws/devel/share/roseus/ros/ipa_building_msgs/msg/RoomExplorationActionGoal.l)
Linked: (/home/daryl/ttb_ws/devel/.private/ipa_building_msgs/share/roseus/ros/ipa_building_msgs/msg/RoomSequence.l, /home/daryl/ttb_ws/devel/share/roseus/ros/ipa_building_msgs/msg/RoomSequence.l)
Linked: (/home/daryl/ttb_ws/devel/.private/ipa_building_msgs/share/roseus/ros/ipa_building_msgs/msg/MapSegmentationResult.l, /home/daryl/ttb_ws/devel/share/roseus/ros/ipa_building_msgs/msg/MapSegmentationResult.l)
Linked: (/home/daryl/ttb_ws/devel/.private/ipa_building_msgs/share/roseus/ros/ipa_building_msgs/msg/RoomExplorationActionFeedback.l, /home/daryl/ttb_ws/devel/share/roseus/ros/ipa_building_msgs/msg/RoomExplorationActionFeedback.l)
Linked: (/home/daryl/ttb_ws/devel/.private/ipa_building_msgs/share/roseus/ros/ipa_building_msgs/msg/MapSegmentationGoal.l, /home/daryl/ttb_ws/devel/share/roseus/ros/ipa_building_msgs/msg/MapSegmentationGoal.l)
Linked: (/home/daryl/ttb_ws/devel/.private/ipa_building_msgs/share/roseus/ros/ipa_building_msgs/msg/FindRoomSequenceWithCheckpointsActionFeedback.l, /home/daryl/ttb_ws/devel/share/roseus/ros/ipa_building_msgs/msg/FindRoomSequenceWithCheckpointsActionFeedback.l)
Linked: (/home/daryl/ttb_ws/devel/.private/ipa_building_msgs/share/roseus/ros/ipa_building_msgs/msg/RoomExplorationResult.l, /home/daryl/ttb_ws/devel/share/roseus/ros/ipa_building_msgs/msg/RoomExplorationResult.l)
Linked: (/home/daryl/ttb_ws/devel/.private/ipa_building_msgs/share/roseus/ros/ipa_building_msgs/msg/FindRoomSequenceWithCheckpointsFeedback.l, /home/daryl/ttb_ws/devel/share/roseus/ros/ipa_building_msgs/msg/FindRoomSequenceWithCheckpointsFeedback.l)
Linked: (/home/daryl/ttb_ws/devel/.private/ipa_building_msgs/share/roseus/ros/ipa_building_msgs/msg/FindRoomSequenceWithCheckpointsActionGoal.l, /home/daryl/ttb_ws/devel/share/roseus/ros/ipa_building_msgs/msg/FindRoomSequenceWithCheckpointsActionGoal.l)
Linked: (/home/daryl/ttb_ws/devel/.private/ipa_building_msgs/share/roseus/ros/ipa_building_msgs/msg/MapSegmentationActionFeedback.l, /home/daryl/ttb_ws/devel/share/roseus/ros/ipa_building_msgs/msg/MapSegmentationActionFeedback.l)
Linked: (/home/daryl/ttb_ws/devel/.private/ipa_building_msgs/share/roseus/ros/ipa_building_msgs/msg/RoomExplorationAction.l, /home/daryl/ttb_ws/devel/share/roseus/ros/ipa_building_msgs/msg/RoomExplorationAction.l)
Linked: (/home/daryl/ttb_ws/devel/.private/ipa_building_msgs/share/roseus/ros/ipa_building_msgs/msg/RoomExplorationGoal.l, /home/daryl/ttb_ws/devel/share/roseus/ros/ipa_building_msgs/msg/RoomExplorationGoal.l)
Linked: (/home/daryl/ttb_ws/devel/.private/ipa_building_msgs/share/roseus/ros/ipa_building_msgs/msg/MapSegmentationAction.l, /home/daryl/ttb_ws/devel/share/roseus/ros/ipa_building_msgs/msg/MapSegmentationAction.l)
Linked: (/home/daryl/ttb_ws/devel/.private/ipa_building_msgs/share/roseus/ros/ipa_building_msgs/msg/FindRoomSequenceWithCheckpointsActionResult.l, /home/daryl/ttb_ws/devel/share/roseus/ros/ipa_building_msgs/msg/FindRoomSequenceWithCheckpointsActionResult.l)
Linked: (/home/daryl/ttb_ws/devel/.private/ipa_building_msgs/share/roseus/ros/ipa_building_msgs/msg/FindRoomSequenceWithCheckpointsGoal.l, /home/daryl/ttb_ws/devel/share/roseus/ros/ipa_building_msgs/msg/FindRoomSequenceWithCheckpointsGoal.l)
Linked: (/home/daryl/ttb_ws/devel/.private/ipa_building_msgs/share/roseus/ros/ipa_building_msgs/msg/RoomExplorationActionResult.l, /home/daryl/ttb_ws/devel/share/roseus/ros/ipa_building_msgs/msg/RoomExplorationActionResult.l)
Linked: (/home/daryl/ttb_ws/devel/.private/ipa_building_msgs/share/roseus/ros/ipa_building_msgs/msg/MapSegmentationFeedback.l, /home/daryl/ttb_ws/devel/share/roseus/ros/ipa_building_msgs/msg/MapSegmentationFeedback.l)
Linked: (/home/daryl/ttb_ws/devel/.private/ipa_building_msgs/share/roseus/ros/ipa_building_msgs/msg/FindRoomSequenceWithCheckpointsResult.l, /home/daryl/ttb_ws/devel/share/roseus/ros/ipa_building_msgs/msg/FindRoomSequenceWithCheckpointsResult.l)
Linked: (/home/daryl/ttb_ws/devel/.private/ipa_building_msgs/share/roseus/ros/ipa_building_msgs/msg/RoomInformation.l, /home/daryl/ttb_ws/devel/share/roseus/ros/ipa_building_msgs/msg/RoomInformation.l)
Linked: (/home/daryl/ttb_ws/devel/.private/ipa_building_msgs/share/gennodejs/ros/ipa_building_msgs/_index.js, /home/daryl/ttb_ws/devel/share/gennodejs/ros/ipa_building_msgs/_index.js)
Linked: (/home/daryl/ttb_ws/devel/.private/ipa_building_msgs/share/gennodejs/ros/ipa_building_msgs/srv/_index.js, /home/daryl/ttb_ws/devel/share/gennodejs/ros/ipa_building_msgs/srv/_index.js)
Linked: (/home/daryl/ttb_ws/devel/.private/ipa_building_msgs/share/gennodejs/ros/ipa_building_msgs/srv/CheckCoverage.js, /home/daryl/ttb_ws/devel/share/gennodejs/ros/ipa_building_msgs/srv/CheckCoverage.js)
Linked: (/home/daryl/ttb_ws/devel/.private/ipa_building_msgs/share/gennodejs/ros/ipa_building_msgs/srv/ExtractAreaMapFromLabeledMap.js, /home/daryl/ttb_ws/devel/share/gennodejs/ros/ipa_building_msgs/srv/ExtractAreaMapFromLabeledMap.js)
Linked: (/home/daryl/ttb_ws/devel/.private/ipa_building_msgs/share/gennodejs/ros/ipa_building_msgs/msg/RoomExplorationResult.js, /home/daryl/ttb_ws/devel/share/gennodejs/ros/ipa_building_msgs/msg/RoomExplorationResult.js)
Linked: (/home/daryl/ttb_ws/devel/.private/ipa_building_msgs/share/gennodejs/ros/ipa_building_msgs/msg/MapSegmentationActionResult.js, /home/daryl/ttb_ws/devel/share/gennodejs/ros/ipa_building_msgs/msg/MapSegmentationActionResult.js)
Linked: (/home/daryl/ttb_ws/devel/.private/ipa_building_msgs/share/gennodejs/ros/ipa_building_msgs/msg/FindRoomSequenceWithCheckpointsResult.js, /home/daryl/ttb_ws/devel/share/gennodejs/ros/ipa_building_msgs/msg/FindRoomSequenceWithCheckpointsResult.js)
Linked: (/home/daryl/ttb_ws/devel/.private/ipa_building_msgs/share/gennodejs/ros/ipa_building_msgs/msg/FindRoomSequenceWithCheckpointsGoal.js, /home/daryl/ttb_ws/devel/share/gennodejs/ros/ipa_building_msgs/msg/FindRoomSequenceWithCheckpointsGoal.js)
Linked: (/home/daryl/ttb_ws/devel/.private/ipa_building_msgs/share/gennodejs/ros/ipa_building_msgs/msg/RoomExplorationGoal.js, /home/daryl/ttb_ws/devel/share/gennodejs/ros/ipa_building_msgs/msg/RoomExplorationGoal.js)
Linked: (/home/daryl/ttb_ws/devel/.private/ipa_building_msgs/share/gennodejs/ros/ipa_building_msgs/msg/RoomExplorationFeedback.js, /home/daryl/ttb_ws/devel/share/gennodejs/ros/ipa_building_msgs/msg/RoomExplorationFeedback.js)
Linked: (/home/daryl/ttb_ws/devel/.private/ipa_building_msgs/share/gennodejs/ros/ipa_building_msgs/msg/_index.js, /home/daryl/ttb_ws/devel/share/gennodejs/ros/ipa_building_msgs/msg/_index.js)
Linked: (/home/daryl/ttb_ws/devel/.private/ipa_building_msgs/share/gennodejs/ros/ipa_building_msgs/msg/MapSegmentationAction.js, /home/daryl/ttb_ws/devel/share/gennodejs/ros/ipa_building_msgs/msg/MapSegmentationAction.js)
Linked: (/home/daryl/ttb_ws/devel/.private/ipa_building_msgs/share/gennodejs/ros/ipa_building_msgs/msg/MapSegmentationResult.js, /home/daryl/ttb_ws/devel/share/gennodejs/ros/ipa_building_msgs/msg/MapSegmentationResult.js)
Linked: (/home/daryl/ttb_ws/devel/.private/ipa_building_msgs/share/gennodejs/ros/ipa_building_msgs/msg/FindRoomSequenceWithCheckpointsActionGoal.js, /home/daryl/ttb_ws/devel/share/gennodejs/ros/ipa_building_msgs/msg/FindRoomSequenceWithCheckpointsActionGoal.js)
Linked: (/home/daryl/ttb_ws/devel/.private/ipa_building_msgs/share/gennodejs/ros/ipa_building_msgs/msg/FindRoomSequenceWithCheckpointsFeedback.js, /home/daryl/ttb_ws/devel/share/gennodejs/ros/ipa_building_msgs/msg/FindRoomSequenceWithCheckpointsFeedback.js)
Linked: (/home/daryl/ttb_ws/devel/.private/ipa_building_msgs/share/gennodejs/ros/ipa_building_msgs/msg/FindRoomSequenceWithCheckpointsAction.js, /home/daryl/ttb_ws/devel/share/gennodejs/ros/ipa_building_msgs/msg/FindRoomSequenceWithCheckpointsAction.js)
Linked: (/home/daryl/ttb_ws/devel/.private/ipa_building_msgs/share/gennodejs/ros/ipa_building_msgs/msg/MapSegmentationGoal.js, /home/daryl/ttb_ws/devel/share/gennodejs/ros/ipa_building_msgs/msg/MapSegmentationGoal.js)
Linked: (/home/daryl/ttb_ws/devel/.private/ipa_building_msgs/share/gennodejs/ros/ipa_building_msgs/msg/RoomExplorationActionResult.js, /home/daryl/ttb_ws/devel/share/gennodejs/ros/ipa_building_msgs/msg/RoomExplorationActionResult.js)
Linked: (/home/daryl/ttb_ws/devel/.private/ipa_building_msgs/share/gennodejs/ros/ipa_building_msgs/msg/MapSegmentationActionGoal.js, /home/daryl/ttb_ws/devel/share/gennodejs/ros/ipa_building_msgs/msg/MapSegmentationActionGoal.js)
Linked: (/home/daryl/ttb_ws/devel/.private/ipa_building_msgs/share/gennodejs/ros/ipa_building_msgs/msg/MapSegmentationFeedback.js, /home/daryl/ttb_ws/devel/share/gennodejs/ros/ipa_building_msgs/msg/MapSegmentationFeedback.js)
Linked: (/home/daryl/ttb_ws/devel/.private/ipa_building_msgs/share/gennodejs/ros/ipa_building_msgs/msg/RoomExplorationAction.js, /home/daryl/ttb_ws/devel/share/gennodejs/ros/ipa_building_msgs/msg/RoomExplorationAction.js)
Linked: (/home/daryl/ttb_ws/devel/.private/ipa_building_msgs/share/gennodejs/ros/ipa_building_msgs/msg/MapSegmentationActionFeedback.js, /home/daryl/ttb_ws/devel/share/gennodejs/ros/ipa_building_msgs/msg/MapSegmentationActionFeedback.js)
Linked: (/home/daryl/ttb_ws/devel/.private/ipa_building_msgs/share/gennodejs/ros/ipa_building_msgs/msg/RoomExplorationActionFeedback.js, /home/daryl/ttb_ws/devel/share/gennodejs/ros/ipa_building_msgs/msg/RoomExplorationActionFeedback.js)
Linked: (/home/daryl/ttb_ws/devel/.private/ipa_building_msgs/share/gennodejs/ros/ipa_building_msgs/msg/RoomSequence.js, /home/daryl/ttb_ws/devel/share/gennodejs/ros/ipa_building_msgs/msg/RoomSequence.js)
Linked: (/home/daryl/ttb_ws/devel/.private/ipa_building_msgs/share/gennodejs/ros/ipa_building_msgs/msg/FindRoomSequenceWithCheckpointsActionResult.js, /home/daryl/ttb_ws/devel/share/gennodejs/ros/ipa_building_msgs/msg/FindRoomSequenceWithCheckpointsActionResult.js)
Linked: (/home/daryl/ttb_ws/devel/.private/ipa_building_msgs/share/gennodejs/ros/ipa_building_msgs/msg/FindRoomSequenceWithCheckpointsActionFeedback.js, /home/daryl/ttb_ws/devel/share/gennodejs/ros/ipa_building_msgs/msg/FindRoomSequenceWithCheckpointsActionFeedback.js)
Linked: (/home/daryl/ttb_ws/devel/.private/ipa_building_msgs/share/gennodejs/ros/ipa_building_msgs/msg/RoomInformation.js, /home/daryl/ttb_ws/devel/share/gennodejs/ros/ipa_building_msgs/msg/RoomInformation.js)
Linked: (/home/daryl/ttb_ws/devel/.private/ipa_building_msgs/share/gennodejs/ros/ipa_building_msgs/msg/RoomExplorationActionGoal.js, /home/daryl/ttb_ws/devel/share/gennodejs/ros/ipa_building_msgs/msg/RoomExplorationActionGoal.js)
Linked: (/home/daryl/ttb_ws/devel/.private/ipa_building_msgs/share/common-lisp/ros/ipa_building_msgs/srv/_package_CheckCoverage.lisp, /home/daryl/ttb_ws/devel/share/common-lisp/ros/ipa_building_msgs/srv/_package_CheckCoverage.lisp)
Linked: (/home/daryl/ttb_ws/devel/.private/ipa_building_msgs/share/common-lisp/ros/ipa_building_msgs/srv/CheckCoverage.lisp, /home/daryl/ttb_ws/devel/share/common-lisp/ros/ipa_building_msgs/srv/CheckCoverage.lisp)
Linked: (/home/daryl/ttb_ws/devel/.private/ipa_building_msgs/share/common-lisp/ros/ipa_building_msgs/srv/_package_ExtractAreaMapFromLabeledMap.lisp, /home/daryl/ttb_ws/devel/share/common-lisp/ros/ipa_building_msgs/srv/_package_ExtractAreaMapFromLabeledMap.lisp)
Linked: (/home/daryl/ttb_ws/devel/.private/ipa_building_msgs/share/common-lisp/ros/ipa_building_msgs/srv/_package.lisp, /home/daryl/ttb_ws/devel/share/common-lisp/ros/ipa_building_msgs/srv/_package.lisp)
Linked: (/home/daryl/ttb_ws/devel/.private/ipa_building_msgs/share/common-lisp/ros/ipa_building_msgs/srv/ExtractAreaMapFromLabeledMap.lisp, /home/daryl/ttb_ws/devel/share/common-lisp/ros/ipa_building_msgs/srv/ExtractAreaMapFromLabeledMap.lisp)
Linked: (/home/daryl/ttb_ws/devel/.private/ipa_building_msgs/share/common-lisp/ros/ipa_building_msgs/srv/ipa_building_msgs-srv.asd, /home/daryl/ttb_ws/devel/share/common-lisp/ros/ipa_building_msgs/srv/ipa_building_msgs-srv.asd)
Linked: (/home/daryl/ttb_ws/devel/.private/ipa_building_msgs/share/common-lisp/ros/ipa_building_msgs/msg/RoomExplorationActionGoal.lisp, /home/daryl/ttb_ws/devel/share/common-lisp/ros/ipa_building_msgs/msg/RoomExplorationActionGoal.lisp)
Linked: (/home/daryl/ttb_ws/devel/.private/ipa_building_msgs/share/common-lisp/ros/ipa_building_msgs/msg/RoomExplorationGoal.lisp, /home/daryl/ttb_ws/devel/share/common-lisp/ros/ipa_building_msgs/msg/RoomExplorationGoal.lisp)
Linked: (/home/daryl/ttb_ws/devel/.private/ipa_building_msgs/share/common-lisp/ros/ipa_building_msgs/msg/_package_MapSegmentationAction.lisp, /home/daryl/ttb_ws/devel/share/common-lisp/ros/ipa_building_msgs/msg/_package_MapSegmentationAction.lisp)
Linked: (/home/daryl/ttb_ws/devel/.private/ipa_building_msgs/share/common-lisp/ros/ipa_building_msgs/msg/FindRoomSequenceWithCheckpointsActionGoal.lisp, /home/daryl/ttb_ws/devel/share/common-lisp/ros/ipa_building_msgs/msg/FindRoomSequenceWithCheckpointsActionGoal.lisp)
Linked: (/home/daryl/ttb_ws/devel/.private/ipa_building_msgs/share/common-lisp/ros/ipa_building_msgs/msg/_package_FindRoomSequenceWithCheckpointsActionFeedback.lisp, /home/daryl/ttb_ws/devel/share/common-lisp/ros/ipa_building_msgs/msg/_package_FindRoomSequenceWithCheckpointsActionFeedback.lisp)
Linked: (/home/daryl/ttb_ws/devel/.private/ipa_building_msgs/share/common-lisp/ros/ipa_building_msgs/msg/_package_FindRoomSequenceWithCheckpointsActionResult.lisp, /home/daryl/ttb_ws/devel/share/common-lisp/ros/ipa_building_msgs/msg/_package_FindRoomSequenceWithCheckpointsActionResult.lisp)
Linked: (/home/daryl/ttb_ws/devel/.private/ipa_building_msgs/share/common-lisp/ros/ipa_building_msgs/msg/_package_RoomSequence.lisp, /home/daryl/ttb_ws/devel/share/common-lisp/ros/ipa_building_msgs/msg/_package_RoomSequence.lisp)
Linked: (/home/daryl/ttb_ws/devel/.private/ipa_building_msgs/share/common-lisp/ros/ipa_building_msgs/msg/RoomExplorationFeedback.lisp, /home/daryl/ttb_ws/devel/share/common-lisp/ros/ipa_building_msgs/msg/RoomExplorationFeedback.lisp)
Linked: (/home/daryl/ttb_ws/devel/.private/ipa_building_msgs/share/common-lisp/ros/ipa_building_msgs/msg/_package_MapSegmentationActionGoal.lisp, /home/daryl/ttb_ws/devel/share/common-lisp/ros/ipa_building_msgs/msg/_package_MapSegmentationActionGoal.lisp)
Linked: (/home/daryl/ttb_ws/devel/.private/ipa_building_msgs/share/common-lisp/ros/ipa_building_msgs/msg/RoomExplorationAction.lisp, /home/daryl/ttb_ws/devel/share/common-lisp/ros/ipa_building_msgs/msg/RoomExplorationAction.lisp)
Linked: (/home/daryl/ttb_ws/devel/.private/ipa_building_msgs/share/common-lisp/ros/ipa_building_msgs/msg/MapSegmentationActionGoal.lisp, /home/daryl/ttb_ws/devel/share/common-lisp/ros/ipa_building_msgs/msg/MapSegmentationActionGoal.lisp)
Linked: (/home/daryl/ttb_ws/devel/.private/ipa_building_msgs/share/common-lisp/ros/ipa_building_msgs/msg/_package_RoomExplorationActionGoal.lisp, /home/daryl/ttb_ws/devel/share/common-lisp/ros/ipa_building_msgs/msg/_package_RoomExplorationActionGoal.lisp)
Linked: (/home/daryl/ttb_ws/devel/.private/ipa_building_msgs/share/common-lisp/ros/ipa_building_msgs/msg/_package_MapSegmentationActionFeedback.lisp, /home/daryl/ttb_ws/devel/share/common-lisp/ros/ipa_building_msgs/msg/_package_MapSegmentationActionFeedback.lisp)
Linked: (/home/daryl/ttb_ws/devel/.private/ipa_building_msgs/share/common-lisp/ros/ipa_building_msgs/msg/_package_FindRoomSequenceWithCheckpointsResult.lisp, /home/daryl/ttb_ws/devel/share/common-lisp/ros/ipa_building_msgs/msg/_package_FindRoomSequenceWithCheckpointsResult.lisp)
Linked: (/home/daryl/ttb_ws/devel/.private/ipa_building_msgs/share/common-lisp/ros/ipa_building_msgs/msg/_package_MapSegmentationGoal.lisp, /home/daryl/ttb_ws/devel/share/common-lisp/ros/ipa_building_msgs/msg/_package_MapSegmentationGoal.lisp)
Linked: (/home/daryl/ttb_ws/devel/.private/ipa_building_msgs/share/common-lisp/ros/ipa_building_msgs/msg/MapSegmentationActionFeedback.lisp, /home/daryl/ttb_ws/devel/share/common-lisp/ros/ipa_building_msgs/msg/MapSegmentationActionFeedback.lisp)
Linked: (/home/daryl/ttb_ws/devel/.private/ipa_building_msgs/share/common-lisp/ros/ipa_building_msgs/msg/_package_FindRoomSequenceWithCheckpointsActionGoal.lisp, /home/daryl/ttb_ws/devel/share/common-lisp/ros/ipa_building_msgs/msg/_package_FindRoomSequenceWithCheckpointsActionGoal.lisp)
Linked: (/home/daryl/ttb_ws/devel/.private/ipa_building_msgs/share/common-lisp/ros/ipa_building_msgs/msg/FindRoomSequenceWithCheckpointsAction.lisp, /home/daryl/ttb_ws/devel/share/common-lisp/ros/ipa_building_msgs/msg/FindRoomSequenceWithCheckpointsAction.lisp)
Linked: (/home/daryl/ttb_ws/devel/.private/ipa_building_msgs/share/common-lisp/ros/ipa_building_msgs/msg/RoomExplorationActionResult.lisp, /home/daryl/ttb_ws/devel/share/common-lisp/ros/ipa_building_msgs/msg/RoomExplorationActionResult.lisp)
Linked: (/home/daryl/ttb_ws/devel/.private/ipa_building_msgs/share/common-lisp/ros/ipa_building_msgs/msg/_package_RoomExplorationGoal.lisp, /home/daryl/ttb_ws/devel/share/common-lisp/ros/ipa_building_msgs/msg/_package_RoomExplorationGoal.lisp)
Linked: (/home/daryl/ttb_ws/devel/.private/ipa_building_msgs/share/common-lisp/ros/ipa_building_msgs/msg/FindRoomSequenceWithCheckpointsActionResult.lisp, /home/daryl/ttb_ws/devel/share/common-lisp/ros/ipa_building_msgs/msg/FindRoomSequenceWithCheckpointsActionResult.lisp)
Linked: (/home/daryl/ttb_ws/devel/.private/ipa_building_msgs/share/common-lisp/ros/ipa_building_msgs/msg/_package_MapSegmentationFeedback.lisp, /home/daryl/ttb_ws/devel/share/common-lisp/ros/ipa_building_msgs/msg/_package_MapSegmentationFeedback.lisp)
Linked: (/home/daryl/ttb_ws/devel/.private/ipa_building_msgs/share/common-lisp/ros/ipa_building_msgs/msg/_package_RoomExplorationActionResult.lisp, /home/daryl/ttb_ws/devel/share/common-lisp/ros/ipa_building_msgs/msg/_package_RoomExplorationActionResult.lisp)
Linked: (/home/daryl/ttb_ws/devel/.private/ipa_building_msgs/share/common-lisp/ros/ipa_building_msgs/msg/_package_FindRoomSequenceWithCheckpointsGoal.lisp, /home/daryl/ttb_ws/devel/share/common-lisp/ros/ipa_building_msgs/msg/_package_FindRoomSequenceWithCheckpointsGoal.lisp)
Linked: (/home/daryl/ttb_ws/devel/.private/ipa_building_msgs/share/common-lisp/ros/ipa_building_msgs/msg/_package.lisp, /home/daryl/ttb_ws/devel/share/common-lisp/ros/ipa_building_msgs/msg/_package.lisp)
Linked: (/home/daryl/ttb_ws/devel/.private/ipa_building_msgs/share/common-lisp/ros/ipa_building_msgs/msg/FindRoomSequenceWithCheckpointsResult.lisp, /home/daryl/ttb_ws/devel/share/common-lisp/ros/ipa_building_msgs/msg/FindRoomSequenceWithCheckpointsResult.lisp)
Linked: (/home/daryl/ttb_ws/devel/.private/ipa_building_msgs/share/common-lisp/ros/ipa_building_msgs/msg/FindRoomSequenceWithCheckpointsActionFeedback.lisp, /home/daryl/ttb_ws/devel/share/common-lisp/ros/ipa_building_msgs/msg/FindRoomSequenceWithCheckpointsActionFeedback.lisp)
Linked: (/home/daryl/ttb_ws/devel/.private/ipa_building_msgs/share/common-lisp/ros/ipa_building_msgs/msg/MapSegmentationResult.lisp, /home/daryl/ttb_ws/devel/share/common-lisp/ros/ipa_building_msgs/msg/MapSegmentationResult.lisp)
Linked: (/home/daryl/ttb_ws/devel/.private/ipa_building_msgs/share/common-lisp/ros/ipa_building_msgs/msg/MapSegmentationGoal.lisp, /home/daryl/ttb_ws/devel/share/common-lisp/ros/ipa_building_msgs/msg/MapSegmentationGoal.lisp)
Linked: (/home/daryl/ttb_ws/devel/.private/ipa_building_msgs/share/common-lisp/ros/ipa_building_msgs/msg/MapSegmentationActionResult.lisp, /home/daryl/ttb_ws/devel/share/common-lisp/ros/ipa_building_msgs/msg/MapSegmentationActionResult.lisp)
Linked: (/home/daryl/ttb_ws/devel/.private/ipa_building_msgs/share/common-lisp/ros/ipa_building_msgs/msg/RoomExplorationResult.lisp, /home/daryl/ttb_ws/devel/share/common-lisp/ros/ipa_building_msgs/msg/RoomExplorationResult.lisp)
Linked: (/home/daryl/ttb_ws/devel/.private/ipa_building_msgs/share/common-lisp/ros/ipa_building_msgs/msg/_package_RoomExplorationActionFeedback.lisp, /home/daryl/ttb_ws/devel/share/common-lisp/ros/ipa_building_msgs/msg/_package_RoomExplorationActionFeedback.lisp)
Linked: (/home/daryl/ttb_ws/devel/.private/ipa_building_msgs/share/common-lisp/ros/ipa_building_msgs/msg/_package_MapSegmentationActionResult.lisp, /home/daryl/ttb_ws/devel/share/common-lisp/ros/ipa_building_msgs/msg/_package_MapSegmentationActionResult.lisp)
Linked: (/home/daryl/ttb_ws/devel/.private/ipa_building_msgs/share/common-lisp/ros/ipa_building_msgs/msg/_package_FindRoomSequenceWithCheckpointsAction.lisp, /home/daryl/ttb_ws/devel/share/common-lisp/ros/ipa_building_msgs/msg/_package_FindRoomSequenceWithCheckpointsAction.lisp)
Linked: (/home/daryl/ttb_ws/devel/.private/ipa_building_msgs/share/common-lisp/ros/ipa_building_msgs/msg/_package_RoomExplorationResult.lisp, /home/daryl/ttb_ws/devel/share/common-lisp/ros/ipa_building_msgs/msg/_package_RoomExplorationResult.lisp)
Linked: (/home/daryl/ttb_ws/devel/.private/ipa_building_msgs/share/common-lisp/ros/ipa_building_msgs/msg/_package_MapSegmentationResult.lisp, /home/daryl/ttb_ws/devel/share/common-lisp/ros/ipa_building_msgs/msg/_package_MapSegmentationResult.lisp)
Linked: (/home/daryl/ttb_ws/devel/.private/ipa_building_msgs/share/common-lisp/ros/ipa_building_msgs/msg/FindRoomSequenceWithCheckpointsGoal.lisp, /home/daryl/ttb_ws/devel/share/common-lisp/ros/ipa_building_msgs/msg/FindRoomSequenceWithCheckpointsGoal.lisp)
Linked: (/home/daryl/ttb_ws/devel/.private/ipa_building_msgs/share/common-lisp/ros/ipa_building_msgs/msg/_package_RoomInformation.lisp, /home/daryl/ttb_ws/devel/share/common-lisp/ros/ipa_building_msgs/msg/_package_RoomInformation.lisp)
Linked: (/home/daryl/ttb_ws/devel/.private/ipa_building_msgs/share/common-lisp/ros/ipa_building_msgs/msg/RoomInformation.lisp, /home/daryl/ttb_ws/devel/share/common-lisp/ros/ipa_building_msgs/msg/RoomInformation.lisp)
Linked: (/home/daryl/ttb_ws/devel/.private/ipa_building_msgs/share/common-lisp/ros/ipa_building_msgs/msg/_package_FindRoomSequenceWithCheckpointsFeedback.lisp, /home/daryl/ttb_ws/devel/share/common-lisp/ros/ipa_building_msgs/msg/_package_FindRoomSequenceWithCheckpointsFeedback.lisp)
Linked: (/home/daryl/ttb_ws/devel/.private/ipa_building_msgs/share/common-lisp/ros/ipa_building_msgs/msg/FindRoomSequenceWithCheckpointsFeedback.lisp, /home/daryl/ttb_ws/devel/share/common-lisp/ros/ipa_building_msgs/msg/FindRoomSequenceWithCheckpointsFeedback.lisp)
Linked: (/home/daryl/ttb_ws/devel/.private/ipa_building_msgs/share/common-lisp/ros/ipa_building_msgs/msg/RoomExplorationActionFeedback.lisp, /home/daryl/ttb_ws/devel/share/common-lisp/ros/ipa_building_msgs/msg/RoomExplorationActionFeedback.lisp)
Linked: (/home/daryl/ttb_ws/devel/.private/ipa_building_msgs/share/common-lisp/ros/ipa_building_msgs/msg/MapSegmentationFeedback.lisp, /home/daryl/ttb_ws/devel/share/common-lisp/ros/ipa_building_msgs/msg/MapSegmentationFeedback.lisp)
Linked: (/home/daryl/ttb_ws/devel/.private/ipa_building_msgs/share/common-lisp/ros/ipa_building_msgs/msg/ipa_building_msgs-msg.asd, /home/daryl/ttb_ws/devel/share/common-lisp/ros/ipa_building_msgs/msg/ipa_building_msgs-msg.asd)
Linked: (/home/daryl/ttb_ws/devel/.private/ipa_building_msgs/share/common-lisp/ros/ipa_building_msgs/msg/_package_RoomExplorationFeedback.lisp, /home/daryl/ttb_ws/devel/share/common-lisp/ros/ipa_building_msgs/msg/_package_RoomExplorationFeedback.lisp)
Linked: (/home/daryl/ttb_ws/devel/.private/ipa_building_msgs/share/common-lisp/ros/ipa_building_msgs/msg/MapSegmentationAction.lisp, /home/daryl/ttb_ws/devel/share/common-lisp/ros/ipa_building_msgs/msg/MapSegmentationAction.lisp)
Linked: (/home/daryl/ttb_ws/devel/.private/ipa_building_msgs/share/common-lisp/ros/ipa_building_msgs/msg/_package_RoomExplorationAction.lisp, /home/daryl/ttb_ws/devel/share/common-lisp/ros/ipa_building_msgs/msg/_package_RoomExplorationAction.lisp)
Linked: (/home/daryl/ttb_ws/devel/.private/ipa_building_msgs/share/common-lisp/ros/ipa_building_msgs/msg/RoomSequence.lisp, /home/daryl/ttb_ws/devel/share/common-lisp/ros/ipa_building_msgs/msg/RoomSequence.lisp)
Linked: (/home/daryl/ttb_ws/devel/.private/ipa_building_msgs/share/ipa_building_msgs/cmake/ipa_building_msgsConfig.cmake, /home/daryl/ttb_ws/devel/share/ipa_building_msgs/cmake/ipa_building_msgsConfig.cmake)
Linked: (/home/daryl/ttb_ws/devel/.private/ipa_building_msgs/share/ipa_building_msgs/cmake/ipa_building_msgs-msg-extras.cmake, /home/daryl/ttb_ws/devel/share/ipa_building_msgs/cmake/ipa_building_msgs-msg-extras.cmake)
Linked: (/home/daryl/ttb_ws/devel/.private/ipa_building_msgs/share/ipa_building_msgs/cmake/ipa_building_msgsConfig-version.cmake, /home/daryl/ttb_ws/devel/share/ipa_building_msgs/cmake/ipa_building_msgsConfig-version.cmake)
Linked: (/home/daryl/ttb_ws/devel/.private/ipa_building_msgs/share/ipa_building_msgs/cmake/ipa_building_msgs-msg-paths.cmake, /home/daryl/ttb_ws/devel/share/ipa_building_msgs/cmake/ipa_building_msgs-msg-paths.cmake)
Linked: (/home/daryl/ttb_ws/devel/.private/ipa_building_msgs/share/ipa_building_msgs/msg/RoomExplorationActionFeedback.msg, /home/daryl/ttb_ws/devel/share/ipa_building_msgs/msg/RoomExplorationActionFeedback.msg)
Linked: (/home/daryl/ttb_ws/devel/.private/ipa_building_msgs/share/ipa_building_msgs/msg/RoomExplorationResult.msg, /home/daryl/ttb_ws/devel/share/ipa_building_msgs/msg/RoomExplorationResult.msg)
Linked: (/home/daryl/ttb_ws/devel/.private/ipa_building_msgs/share/ipa_building_msgs/msg/FindRoomSequenceWithCheckpointsGoal.msg, /home/daryl/ttb_ws/devel/share/ipa_building_msgs/msg/FindRoomSequenceWithCheckpointsGoal.msg)
Linked: (/home/daryl/ttb_ws/devel/.private/ipa_building_msgs/share/ipa_building_msgs/msg/RoomExplorationActionGoal.msg, /home/daryl/ttb_ws/devel/share/ipa_building_msgs/msg/RoomExplorationActionGoal.msg)
Linked: (/home/daryl/ttb_ws/devel/.private/ipa_building_msgs/share/ipa_building_msgs/msg/FindRoomSequenceWithCheckpointsActionGoal.msg, /home/daryl/ttb_ws/devel/share/ipa_building_msgs/msg/FindRoomSequenceWithCheckpointsActionGoal.msg)
Linked: (/home/daryl/ttb_ws/devel/.private/ipa_building_msgs/share/ipa_building_msgs/msg/RoomExplorationAction.msg, /home/daryl/ttb_ws/devel/share/ipa_building_msgs/msg/RoomExplorationAction.msg)
Linked: (/home/daryl/ttb_ws/devel/.private/ipa_building_msgs/share/ipa_building_msgs/msg/MapSegmentationActionGoal.msg, /home/daryl/ttb_ws/devel/share/ipa_building_msgs/msg/MapSegmentationActionGoal.msg)
Linked: (/home/daryl/ttb_ws/devel/.private/ipa_building_msgs/share/ipa_building_msgs/msg/FindRoomSequenceWithCheckpointsAction.msg, /home/daryl/ttb_ws/devel/share/ipa_building_msgs/msg/FindRoomSequenceWithCheckpointsAction.msg)
Linked: (/home/daryl/ttb_ws/devel/.private/ipa_building_msgs/share/ipa_building_msgs/msg/FindRoomSequenceWithCheckpointsFeedback.msg, /home/daryl/ttb_ws/devel/share/ipa_building_msgs/msg/FindRoomSequenceWithCheckpointsFeedback.msg)
Linked: (/home/daryl/ttb_ws/devel/.private/ipa_building_msgs/share/ipa_building_msgs/msg/MapSegmentationFeedback.msg, /home/daryl/ttb_ws/devel/share/ipa_building_msgs/msg/MapSegmentationFeedback.msg)
Linked: (/home/daryl/ttb_ws/devel/.private/ipa_building_msgs/share/ipa_building_msgs/msg/FindRoomSequenceWithCheckpointsActionResult.msg, /home/daryl/ttb_ws/devel/share/ipa_building_msgs/msg/FindRoomSequenceWithCheckpointsActionResult.msg)
Linked: (/home/daryl/ttb_ws/devel/.private/ipa_building_msgs/share/ipa_building_msgs/msg/FindRoomSequenceWithCheckpointsResult.msg, /home/daryl/ttb_ws/devel/share/ipa_building_msgs/msg/FindRoomSequenceWithCheckpointsResult.msg)
Linked: (/home/daryl/ttb_ws/devel/.private/ipa_building_msgs/share/ipa_building_msgs/msg/RoomExplorationActionResult.msg, /home/daryl/ttb_ws/devel/share/ipa_building_msgs/msg/RoomExplorationActionResult.msg)
Linked: (/home/daryl/ttb_ws/devel/.private/ipa_building_msgs/share/ipa_building_msgs/msg/FindRoomSequenceWithCheckpointsActionFeedback.msg, /home/daryl/ttb_ws/devel/share/ipa_building_msgs/msg/FindRoomSequenceWithCheckpointsActionFeedback.msg)
Linked: (/home/daryl/ttb_ws/devel/.private/ipa_building_msgs/share/ipa_building_msgs/msg/MapSegmentationGoal.msg, /home/daryl/ttb_ws/devel/share/ipa_building_msgs/msg/MapSegmentationGoal.msg)
Linked: (/home/daryl/ttb_ws/devel/.private/ipa_building_msgs/share/ipa_building_msgs/msg/MapSegmentationActionResult.msg, /home/daryl/ttb_ws/devel/share/ipa_building_msgs/msg/MapSegmentationActionResult.msg)
Linked: (/home/daryl/ttb_ws/devel/.private/ipa_building_msgs/share/ipa_building_msgs/msg/MapSegmentationResult.msg, /home/daryl/ttb_ws/devel/share/ipa_building_msgs/msg/MapSegmentationResult.msg)
Linked: (/home/daryl/ttb_ws/devel/.private/ipa_building_msgs/share/ipa_building_msgs/msg/RoomExplorationGoal.msg, /home/daryl/ttb_ws/devel/share/ipa_building_msgs/msg/RoomExplorationGoal.msg)
Linked: (/home/daryl/ttb_ws/devel/.private/ipa_building_msgs/share/ipa_building_msgs/msg/RoomExplorationFeedback.msg, /home/daryl/ttb_ws/devel/share/ipa_building_msgs/msg/RoomExplorationFeedback.msg)
Linked: (/home/daryl/ttb_ws/devel/.private/ipa_building_msgs/share/ipa_building_msgs/msg/MapSegmentationAction.msg, /home/daryl/ttb_ws/devel/share/ipa_building_msgs/msg/MapSegmentationAction.msg)
Linked: (/home/daryl/ttb_ws/devel/.private/ipa_building_msgs/share/ipa_building_msgs/msg/MapSegmentationActionFeedback.msg, /home/daryl/ttb_ws/devel/share/ipa_building_msgs/msg/MapSegmentationActionFeedback.msg)
Linked: (/home/daryl/ttb_ws/devel/.private/ipa_building_msgs/lib/python2.7/dist-packages/ipa_building_msgs/__init__.py, /home/daryl/ttb_ws/devel/lib/python2.7/dist-packages/ipa_building_msgs/__init__.py)
Linked: (/home/daryl/ttb_ws/devel/.private/ipa_building_msgs/lib/python2.7/dist-packages/ipa_building_msgs/srv/_CheckCoverage.py, /home/daryl/ttb_ws/devel/lib/python2.7/dist-packages/ipa_building_msgs/srv/_CheckCoverage.py)
Linked: (/home/daryl/ttb_ws/devel/.private/ipa_building_msgs/lib/python2.7/dist-packages/ipa_building_msgs/srv/__init__.py, /home/daryl/ttb_ws/devel/lib/python2.7/dist-packages/ipa_building_msgs/srv/__init__.py)
Linked: (/home/daryl/ttb_ws/devel/.private/ipa_building_msgs/lib/python2.7/dist-packages/ipa_building_msgs/srv/_ExtractAreaMapFromLabeledMap.py, /home/daryl/ttb_ws/devel/lib/python2.7/dist-packages/ipa_building_msgs/srv/_ExtractAreaMapFromLabeledMap.py)
Linked: (/home/daryl/ttb_ws/devel/.private/ipa_building_msgs/lib/python2.7/dist-packages/ipa_building_msgs/msg/_RoomExplorationFeedback.py, /home/daryl/ttb_ws/devel/lib/python2.7/dist-packages/ipa_building_msgs/msg/_RoomExplorationFeedback.py)
Linked: (/home/daryl/ttb_ws/devel/.private/ipa_building_msgs/lib/python2.7/dist-packages/ipa_building_msgs/msg/_MapSegmentationActionFeedback.py, /home/daryl/ttb_ws/devel/lib/python2.7/dist-packages/ipa_building_msgs/msg/_MapSegmentationActionFeedback.py)
Linked: (/home/daryl/ttb_ws/devel/.private/ipa_building_msgs/lib/python2.7/dist-packages/ipa_building_msgs/msg/_RoomSequence.py, /home/daryl/ttb_ws/devel/lib/python2.7/dist-packages/ipa_building_msgs/msg/_RoomSequence.py)
Linked: (/home/daryl/ttb_ws/devel/.private/ipa_building_msgs/lib/python2.7/dist-packages/ipa_building_msgs/msg/_MapSegmentationGoal.py, /home/daryl/ttb_ws/devel/lib/python2.7/dist-packages/ipa_building_msgs/msg/_MapSegmentationGoal.py)
Linked: (/home/daryl/ttb_ws/devel/.private/ipa_building_msgs/lib/python2.7/dist-packages/ipa_building_msgs/msg/__init__.py, /home/daryl/ttb_ws/devel/lib/python2.7/dist-packages/ipa_building_msgs/msg/__init__.py)
Linked: (/home/daryl/ttb_ws/devel/.private/ipa_building_msgs/lib/python2.7/dist-packages/ipa_building_msgs/msg/_FindRoomSequenceWithCheckpointsResult.py, /home/daryl/ttb_ws/devel/lib/python2.7/dist-packages/ipa_building_msgs/msg/_FindRoomSequenceWithCheckpointsResult.py)
Linked: (/home/daryl/ttb_ws/devel/.private/ipa_building_msgs/lib/python2.7/dist-packages/ipa_building_msgs/msg/_FindRoomSequenceWithCheckpointsFeedback.py, /home/daryl/ttb_ws/devel/lib/python2.7/dist-packages/ipa_building_msgs/msg/_FindRoomSequenceWithCheckpointsFeedback.py)
Linked: (/home/daryl/ttb_ws/devel/.private/ipa_building_msgs/lib/python2.7/dist-packages/ipa_building_msgs/msg/_FindRoomSequenceWithCheckpointsAction.py, /home/daryl/ttb_ws/devel/lib/python2.7/dist-packages/ipa_building_msgs/msg/_FindRoomSequenceWithCheckpointsAction.py)
Linked: (/home/daryl/ttb_ws/devel/.private/ipa_building_msgs/lib/python2.7/dist-packages/ipa_building_msgs/msg/_MapSegmentationResult.py, /home/daryl/ttb_ws/devel/lib/python2.7/dist-packages/ipa_building_msgs/msg/_MapSegmentationResult.py)
Linked: (/home/daryl/ttb_ws/devel/.private/ipa_building_msgs/lib/python2.7/dist-packages/ipa_building_msgs/msg/_MapSegmentationActionResult.py, /home/daryl/ttb_ws/devel/lib/python2.7/dist-packages/ipa_building_msgs/msg/_MapSegmentationActionResult.py)
Linked: (/home/daryl/ttb_ws/devel/.private/ipa_building_msgs/lib/python2.7/dist-packages/ipa_building_msgs/msg/_FindRoomSequenceWithCheckpointsActionResult.py, /home/daryl/ttb_ws/devel/lib/python2.7/dist-packages/ipa_building_msgs/msg/_FindRoomSequenceWithCheckpointsActionResult.py)
Linked: (/home/daryl/ttb_ws/devel/.private/ipa_building_msgs/lib/python2.7/dist-packages/ipa_building_msgs/msg/_FindRoomSequenceWithCheckpointsActionGoal.py, /home/daryl/ttb_ws/devel/lib/python2.7/dist-packages/ipa_building_msgs/msg/_FindRoomSequenceWithCheckpointsActionGoal.py)
Linked: (/home/daryl/ttb_ws/devel/.private/ipa_building_msgs/lib/python2.7/dist-packages/ipa_building_msgs/msg/_RoomInformation.py, /home/daryl/ttb_ws/devel/lib/python2.7/dist-packages/ipa_building_msgs/msg/_RoomInformation.py)
Linked: (/home/daryl/ttb_ws/devel/.private/ipa_building_msgs/lib/python2.7/dist-packages/ipa_building_msgs/msg/_RoomExplorationActionFeedback.py, /home/daryl/ttb_ws/devel/lib/python2.7/dist-packages/ipa_building_msgs/msg/_RoomExplorationActionFeedback.py)
Linked: (/home/daryl/ttb_ws/devel/.private/ipa_building_msgs/lib/python2.7/dist-packages/ipa_building_msgs/msg/_RoomExplorationGoal.py, /home/daryl/ttb_ws/devel/lib/python2.7/dist-packages/ipa_building_msgs/msg/_RoomExplorationGoal.py)
Linked: (/home/daryl/ttb_ws/devel/.private/ipa_building_msgs/lib/python2.7/dist-packages/ipa_building_msgs/msg/_MapSegmentationFeedback.py, /home/daryl/ttb_ws/devel/lib/python2.7/dist-packages/ipa_building_msgs/msg/_MapSegmentationFeedback.py)
Linked: (/home/daryl/ttb_ws/devel/.private/ipa_building_msgs/lib/python2.7/dist-packages/ipa_building_msgs/msg/_MapSegmentationActionGoal.py, /home/daryl/ttb_ws/devel/lib/python2.7/dist-packages/ipa_building_msgs/msg/_MapSegmentationActionGoal.py)
Linked: (/home/daryl/ttb_ws/devel/.private/ipa_building_msgs/lib/python2.7/dist-packages/ipa_building_msgs/msg/_MapSegmentationAction.py, /home/daryl/ttb_ws/devel/lib/python2.7/dist-packages/ipa_building_msgs/msg/_MapSegmentationAction.py)
Linked: (/home/daryl/ttb_ws/devel/.private/ipa_building_msgs/lib/python2.7/dist-packages/ipa_building_msgs/msg/_RoomExplorationResult.py, /home/daryl/ttb_ws/devel/lib/python2.7/dist-packages/ipa_building_msgs/msg/_RoomExplorationResult.py)
Linked: (/home/daryl/ttb_ws/devel/.private/ipa_building_msgs/lib/python2.7/dist-packages/ipa_building_msgs/msg/_RoomExplorationActionGoal.py, /home/daryl/ttb_ws/devel/lib/python2.7/dist-packages/ipa_building_msgs/msg/_RoomExplorationActionGoal.py)
Linked: (/home/daryl/ttb_ws/devel/.private/ipa_building_msgs/lib/python2.7/dist-packages/ipa_building_msgs/msg/_RoomExplorationActionResult.py, /home/daryl/ttb_ws/devel/lib/python2.7/dist-packages/ipa_building_msgs/msg/_RoomExplorationActionResult.py)
Linked: (/home/daryl/ttb_ws/devel/.private/ipa_building_msgs/lib/python2.7/dist-packages/ipa_building_msgs/msg/_RoomExplorationAction.py, /home/daryl/ttb_ws/devel/lib/python2.7/dist-packages/ipa_building_msgs/msg/_RoomExplorationAction.py)
Linked: (/home/daryl/ttb_ws/devel/.private/ipa_building_msgs/lib/python2.7/dist-packages/ipa_building_msgs/msg/_FindRoomSequenceWithCheckpointsGoal.py, /home/daryl/ttb_ws/devel/lib/python2.7/dist-packages/ipa_building_msgs/msg/_FindRoomSequenceWithCheckpointsGoal.py)
Linked: (/home/daryl/ttb_ws/devel/.private/ipa_building_msgs/lib/python2.7/dist-packages/ipa_building_msgs/msg/_FindRoomSequenceWithCheckpointsActionFeedback.py, /home/daryl/ttb_ws/devel/lib/python2.7/dist-packages/ipa_building_msgs/msg/_FindRoomSequenceWithCheckpointsActionFeedback.py)
Linked: (/home/daryl/ttb_ws/devel/.private/ipa_building_msgs/lib/pkgconfig/ipa_building_msgs.pc, /home/daryl/ttb_ws/devel/lib/pkgconfig/ipa_building_msgs.pc)
