[  0%] Built target _ipa_building_msgs_generate_messages_check_deps_ExtractAreaMapFromLabeledMap
[  0%] Built target geometry_msgs_generate_messages_py
[  0%] Built target _ipa_building_msgs_generate_messages_check_deps_RoomExplorationFeedback
[  0%] Built target _ipa_building_msgs_generate_messages_check_deps_MapSegmentationActionFeedback
[  0%] Built target std_msgs_generate_messages_py
[  0%] Built target _ipa_building_msgs_generate_messages_check_deps_FindRoomSequenceWithCheckpointsActionGoal
[  0%] Built target _ipa_building_msgs_generate_messages_check_deps_FindRoomSequenceWithCheckpointsActionResult
[  0%] Built target _ipa_building_msgs_generate_messages_check_deps_FindRoomSequenceWithCheckpointsFeedback
[  0%] Built target actionlib_msgs_generate_messages_py
[  0%] Built target _ipa_building_msgs_generate_messages_check_deps_FindRoomSequenceWithCheckpointsGoal
[  0%] Built target _ipa_building_msgs_generate_messages_check_deps_RoomExplorationActionResult
[  0%] Built target _ipa_building_msgs_generate_messages_check_deps_RoomExplorationGoal
[  0%] Built target sensor_msgs_generate_messages_py
[  0%] Built target _ipa_building_msgs_generate_messages_check_deps_RoomExplorationResult
[  0%] Built target _ipa_building_msgs_generate_messages_check_deps_RoomExplorationAction
[  0%] Built target _ipa_building_msgs_generate_messages_check_deps_RoomSequence
[  0%] Built target _ipa_building_msgs_generate_messages_check_deps_MapSegmentationActionGoal
[  0%] Built target _ipa_building_msgs_generate_messages_check_deps_MapSegmentationFeedback
[  0%] Built target _ipa_building_msgs_generate_messages_check_deps_FindRoomSequenceWithCheckpointsResult
[  0%] Built target _ipa_building_msgs_generate_messages_check_deps_RoomExplorationActionFeedback
[  0%] Built target _ipa_building_msgs_generate_messages_check_deps_RoomExplorationActionGoal
[  0%] Built target _ipa_building_msgs_generate_messages_check_deps_MapSegmentationGoal
[  0%] Built target _ipa_building_msgs_generate_messages_check_deps_MapSegmentationAction
[  0%] Built target _ipa_building_msgs_generate_messages_check_deps_CheckCoverage
[  0%] Built target _ipa_building_msgs_generate_messages_check_deps_MapSegmentationResult
[  0%] Built target _ipa_building_msgs_generate_messages_check_deps_FindRoomSequenceWithCheckpointsAction
[  0%] Built target std_msgs_generate_messages_cpp
[  0%] Built target _ipa_building_msgs_generate_messages_check_deps_RoomInformation
[  0%] Built target _ipa_building_msgs_generate_messages_check_deps_FindRoomSequenceWithCheckpointsActionFeedback
[  0%] Built target _ipa_building_msgs_generate_messages_check_deps_MapSegmentationActionResult
[  0%] Built target geometry_msgs_generate_messages_cpp
[  0%] Built target actionlib_msgs_generate_messages_cpp
[  0%] Built target sensor_msgs_generate_messages_cpp
[  0%] Built target geometry_msgs_generate_messages_lisp
[  0%] Built target std_msgs_generate_messages_lisp
[  0%] Built target geometry_msgs_generate_messages_eus
[  0%] Built target actionlib_msgs_generate_messages_lisp
[  0%] Built target sensor_msgs_generate_messages_lisp
[  0%] Built target std_msgs_generate_messages_eus
[  0%] Built target actionlib_msgs_generate_messages_eus
[  0%] Built target sensor_msgs_generate_messages_eus
[  0%] Built target actionlib_msgs_generate_messages_nodejs
[  0%] Built target sensor_msgs_generate_messages_nodejs
[  0%] Built target geometry_msgs_generate_messages_nodejs
[  0%] Built target std_msgs_generate_messages_nodejs
[ 21%] Built target ipa_building_msgs_generate_messages_py
[ 40%] Built target ipa_building_msgs_generate_messages_cpp
[ 60%] Built target ipa_building_msgs_generate_messages_lisp
[ 79%] Built target ipa_building_msgs_generate_messages_nodejs
[100%] Built target ipa_building_msgs_generate_messages_eus
[100%] Built target ipa_building_msgs_generate_messages
