Linked: (/home/daryl/ttb_ws/devel/.private/ipa_room_exploration/include/ipa_room_exploration/RoomExplorationConfig.h, /home/daryl/ttb_ws/devel/include/ipa_room_exploration/RoomExplorationConfig.h)
Linked: (/home/daryl/ttb_ws/devel/.private/ipa_room_exploration/include/ipa_room_exploration/CoverageMonitorConfig.h, /home/daryl/ttb_ws/devel/include/ipa_room_exploration/CoverageMonitorConfig.h)
Linked: (/home/daryl/ttb_ws/devel/.private/ipa_room_exploration/share/ipa_room_exploration/cmake/ipa_room_explorationConfig.cmake, /home/daryl/ttb_ws/devel/share/ipa_room_exploration/cmake/ipa_room_explorationConfig.cmake)
Linked: (/home/daryl/ttb_ws/devel/.private/ipa_room_exploration/share/ipa_room_exploration/cmake/ipa_room_explorationConfig-version.cmake, /home/daryl/ttb_ws/devel/share/ipa_room_exploration/cmake/ipa_room_explorationConfig-version.cmake)
Linked: (/home/daryl/ttb_ws/devel/.private/ipa_room_exploration/share/ipa_room_exploration/docs/CoverageMonitorConfig.wikidoc, /home/daryl/ttb_ws/devel/share/ipa_room_exploration/docs/CoverageMonitorConfig.wikidoc)
Linked: (/home/daryl/ttb_ws/devel/.private/ipa_room_exploration/share/ipa_room_exploration/docs/RoomExplorationConfig.dox, /home/daryl/ttb_ws/devel/share/ipa_room_exploration/docs/RoomExplorationConfig.dox)
Linked: (/home/daryl/ttb_ws/devel/.private/ipa_room_exploration/share/ipa_room_exploration/docs/RoomExplorationConfig-usage.dox, /home/daryl/ttb_ws/devel/share/ipa_room_exploration/docs/RoomExplorationConfig-usage.dox)
Linked: (/home/daryl/ttb_ws/devel/.private/ipa_room_exploration/share/ipa_room_exploration/docs/CoverageMonitorConfig-usage.dox, /home/daryl/ttb_ws/devel/share/ipa_room_exploration/docs/CoverageMonitorConfig-usage.dox)
Linked: (/home/daryl/ttb_ws/devel/.private/ipa_room_exploration/share/ipa_room_exploration/docs/CoverageMonitorConfig.dox, /home/daryl/ttb_ws/devel/share/ipa_room_exploration/docs/CoverageMonitorConfig.dox)
Linked: (/home/daryl/ttb_ws/devel/.private/ipa_room_exploration/share/ipa_room_exploration/docs/RoomExplorationConfig.wikidoc, /home/daryl/ttb_ws/devel/share/ipa_room_exploration/docs/RoomExplorationConfig.wikidoc)
Linked: (/home/daryl/ttb_ws/devel/.private/ipa_room_exploration/lib/liblibcoverage_check_server.so, /home/daryl/ttb_ws/devel/lib/liblibcoverage_check_server.so)
Linked: (/home/daryl/ttb_ws/devel/.private/ipa_room_exploration/lib/python2.7/dist-packages/ipa_room_exploration/__init__.py, /home/daryl/ttb_ws/devel/lib/python2.7/dist-packages/ipa_room_exploration/__init__.py)
Linked: (/home/daryl/ttb_ws/devel/.private/ipa_room_exploration/lib/python2.7/dist-packages/ipa_room_exploration/cfg/RoomExplorationConfig.py, /home/daryl/ttb_ws/devel/lib/python2.7/dist-packages/ipa_room_exploration/cfg/RoomExplorationConfig.py)
Linked: (/home/daryl/ttb_ws/devel/.private/ipa_room_exploration/lib/python2.7/dist-packages/ipa_room_exploration/cfg/__init__.py, /home/daryl/ttb_ws/devel/lib/python2.7/dist-packages/ipa_room_exploration/cfg/__init__.py)
Linked: (/home/daryl/ttb_ws/devel/.private/ipa_room_exploration/lib/python2.7/dist-packages/ipa_room_exploration/cfg/CoverageMonitorConfig.py, /home/daryl/ttb_ws/devel/lib/python2.7/dist-packages/ipa_room_exploration/cfg/CoverageMonitorConfig.py)
Linked: (/home/daryl/ttb_ws/devel/.private/ipa_room_exploration/lib/pkgconfig/ipa_room_exploration.pc, /home/daryl/ttb_ws/devel/lib/pkgconfig/ipa_room_exploration.pc)
Linked: (/home/daryl/ttb_ws/devel/.private/ipa_room_exploration/lib/ipa_room_exploration/coverage_monitor_server, /home/daryl/ttb_ws/devel/lib/ipa_room_exploration/coverage_monitor_server)
Linked: (/home/daryl/ttb_ws/devel/.private/ipa_room_exploration/lib/ipa_room_exploration/coverage_check_server, /home/daryl/ttb_ws/devel/lib/ipa_room_exploration/coverage_check_server)
Linked: (/home/daryl/ttb_ws/devel/.private/ipa_room_exploration/lib/ipa_room_exploration/room_exploration_client, /home/daryl/ttb_ws/devel/lib/ipa_room_exploration/room_exploration_client)
Linked: (/home/daryl/ttb_ws/devel/.private/ipa_room_exploration/lib/ipa_room_exploration/room_exploration_evaluation, /home/daryl/ttb_ws/devel/lib/ipa_room_exploration/room_exploration_evaluation)
Linked: (/home/daryl/ttb_ws/devel/.private/ipa_room_exploration/lib/ipa_room_exploration/room_exploration_server, /home/daryl/ttb_ws/devel/lib/ipa_room_exploration/room_exploration_server)
