Not searching for unused variables given on the command line.
[36m--[0m Using CATKIN_DEVEL_PREFIX: /home/daryl/ttb_ws/devel/.private/ipa_room_exploration
[36m--[0m Using CMAKE_PREFIX_PATH: /home/daryl/ttb_ws/devel;/opt/ros/melodic;/home/daryl/turtlebot3_ws/install/turtlebot3_simulations;/home/daryl/turtlebot3_ws/install/turtlebot3_gazebo;/home/daryl/turtlebot3_ws/install/turtlebot3;/home/daryl/turtlebot3_ws/install/turtlebot3_bringup;/home/daryl/turtlebot3_ws/install/turtlebot3_node;/home/daryl/turtlebot3_ws/install/turtlebot3_navigation2;/home/daryl/turtlebot3_ws/install/turtlebot3_fake_node;/home/daryl/turtlebot3_ws/install/turtlebot3_msgs;/home/daryl/turtlebot3_ws/install/turtlebot3_description;/home/daryl/turtlebot3_ws/install/turtlebot3_cartographer;/home/daryl/turtlebot3_ws/install/hls_lfcd_lds_driver;/home/daryl/turtlebot3_ws/install/dynamixel_sdk
[36m--[0m This workspace overlays: /home/daryl/ttb_ws/devel;/opt/ros/melodic
[36m--[0m Found PythonInterp: /usr/bin/python2 (found suitable version "2.7.17", minimum required is "2")
[36m--[0m Using PYTHON_EXECUTABLE: /usr/bin/python2
[36m--[0m Using Debian Python package layout
[36m--[0m Using empy: /usr/bin/empy
[36m--[0m Using CATKIN_ENABLE_TESTING: ON
[36m--[0m Call enable_testing()
[36m--[0m Using CATKIN_TEST_RESULTS_DIR: /home/daryl/ttb_ws/build/ipa_room_exploration/test_results
[36m--[0m Found gtest sources under '/usr/src/googletest': gtests will be built
[36m--[0m Found gmock sources under '/usr/src/googletest': gmock will be built
[36m--[0m Found PythonInterp: /usr/bin/python2 (found version "2.7.17")
[36m--[0m Using Python nosetests: /usr/bin/nosetests-2.7
[36m--[0m catkin 0.7.28
[36m--[0m BUILD_SHARED_LIBS is on
[36m--[0m Using these message generators: gencpp;geneus;genlisp;gennodejs;genpy
[36m--[0m Found OpenCV: /usr (found version "3.2.0")
[36m--[0m Boost version: 1.65.1
[36m--[0m Found the following Boost libraries:
[36m--[0m   system
[36m--[0m   chrono
[36m--[0m   thread
[36m--[0m   date_time
[36m--[0m   atomic
[36m--[0m Gurobi has not been found
[36m--[0m Could NOT find GUROBI (missing: GUROBI_LIBRARY GUROBI_CXX_LIBRARY GUROBI_INCLUDE_DIR)
[36m--[0m Gurobi include dirs:
[36m--[0m Gurobi lib dirs:
[36m--[0m Found PkgConfig: /usr/bin/pkg-config (found version "0.29.1")
[36m--[0m Checking for module 'coinutils'
[36m--[0m   Found coinutils, version 2.10.14
[36m--[0m Checking for module 'osi-clp'
[36m--[0m   Found osi-clp, version 1.16.11
[36m--[0m Checking for module 'clp'
[36m--[0m   Found clp, version 1.16.11
[36m--[0m Checking for module 'osi'
[36m--[0m   Found osi, version 0.107.9
[36m--[0m Checking for module 'cbc'
[36m--[0m   Found cbc, version 2.9.9
[36m--[0m Checking for module 'cgl'
[36m--[0m   Found cgl, version 0.59.10
[36m--[0m coinutils include dirs: /usr/include/coin
[36m--[0m osi-clp include dirs: /usr/include/coin
[36m--[0m clp include dirs: /usr/include/coin
[36m--[0m osi include dirs: /usr/include/coin
[36m--[0m cbc include dirs: /usr/include/coin
[36m--[0m cgl include dirs: /usr/include/coin
[36m--[0m Configuring done
[36m--[0m Generating done
[36m--[0m Build files have been written to: /home/daryl/ttb_ws/build/ipa_room_exploration
